Jun 1, 2015 8:53:41 PM org.apache.tomcat.util.digester.Digester startElement
SEVERE: Begin event threw exception
java.lang.ClassNotFoundException: org.apache.catalina.startup.VersionLoggerListener
	at java.net.URLClassLoader$1.run(URLClassLoader.java:202)
	at java.security.AccessController.doPrivileged(Native Method)
	at java.net.URLClassLoader.findClass(URLClassLoader.java:190)
	at java.lang.ClassLoader.loadClass(ClassLoader.java:306)
	at java.lang.ClassLoader.loadClass(ClassLoader.java:247)
	at org.apache.tomcat.util.digester.ObjectCreateRule.begin(ObjectCreateRule.java:204)
	at org.apache.tomcat.util.digester.Rule.begin(Rule.java:152)
	at org.apache.tomcat.util.digester.Digester.startElement(Digester.java:1376)
	at com.sun.org.apache.xerces.internal.parsers.AbstractSAXParser.startElement(AbstractSAXParser.java:504)
	at com.sun.org.apache.xerces.internal.parsers.AbstractXMLDocumentParser.emptyElement(AbstractXMLDocumentParser.java:179)
	at com.sun.org.apache.xerces.internal.impl.XMLDocumentFragmentScannerImpl.scanStartElement(XMLDocumentFragmentScannerImpl.java:1350)
	at com.sun.org.apache.xerces.internal.impl.XMLDocumentFragmentScannerImpl$FragmentContentDriver.next(XMLDocumentFragmentScannerImpl.java:2763)
	at com.sun.org.apache.xerces.internal.impl.XMLDocumentScannerImpl.next(XMLDocumentScannerImpl.java:647)
	at com.sun.org.apache.xerces.internal.impl.XMLDocumentFragmentScannerImpl.scanDocument(XMLDocumentFragmentScannerImpl.java:513)
	at com.sun.org.apache.xerces.internal.parsers.XML11Configuration.parse(XML11Configuration.java:815)
	at com.sun.org.apache.xerces.internal.parsers.XML11Configuration.parse(XML11Configuration.java:744)
	at com.sun.org.apache.xerces.internal.parsers.XMLParser.parse(XMLParser.java:128)
	at com.sun.org.apache.xerces.internal.parsers.AbstractSAXParser.parse(AbstractSAXParser.java:1208)
	at com.sun.org.apache.xerces.internal.jaxp.SAXParserImpl$JAXPSAXParser.parse(SAXParserImpl.java:543)
	at org.apache.tomcat.util.digester.Digester.parse(Digester.java:1675)
	at org.apache.catalina.startup.Catalina.load(Catalina.java:524)
	at org.apache.catalina.startup.Catalina.load(Catalina.java:562)
	at sun.reflect.NativeMethodAccessorImpl.invoke0(Native Method)
	at sun.reflect.NativeMethodAccessorImpl.invoke(NativeMethodAccessorImpl.java:39)
	at sun.reflect.DelegatingMethodAccessorImpl.invoke(DelegatingMethodAccessorImpl.java:25)
	at java.lang.reflect.Method.invoke(Method.java:597)
	at org.apache.catalina.startup.Bootstrap.load(Bootstrap.java:261)
	at org.apache.catalina.startup.Bootstrap.main(Bootstrap.java:413)
Jun 1, 2015 8:53:41 PM org.apache.catalina.startup.Catalina load
WARNING: Catalina.start using conf/server.xml: 
java.lang.ClassNotFoundException: org.apache.catalina.startup.VersionLoggerListener
	at org.apache.tomcat.util.digester.Digester.createSAXException(Digester.java:2839)
	at org.apache.tomcat.util.digester.Digester.createSAXException(Digester.java:2865)
	at org.apache.tomcat.util.digester.Digester.startElement(Digester.java:1379)
	at com.sun.org.apache.xerces.internal.parsers.AbstractSAXParser.startElement(AbstractSAXParser.java:504)
	at com.sun.org.apache.xerces.internal.parsers.AbstractXMLDocumentParser.emptyElement(AbstractXMLDocumentParser.java:179)
	at com.sun.org.apache.xerces.internal.impl.XMLDocumentFragmentScannerImpl.scanStartElement(XMLDocumentFragmentScannerImpl.java:1350)
	at com.sun.org.apache.xerces.internal.impl.XMLDocumentFragmentScannerImpl$FragmentContentDriver.next(XMLDocumentFragmentScannerImpl.java:2763)
	at com.sun.org.apache.xerces.internal.impl.XMLDocumentScannerImpl.next(XMLDocumentScannerImpl.java:647)
	at com.sun.org.apache.xerces.internal.impl.XMLDocumentFragmentScannerImpl.scanDocument(XMLDocumentFragmentScannerImpl.java:513)
	at com.sun.org.apache.xerces.internal.parsers.XML11Configuration.parse(XML11Configuration.java:815)
	at com.sun.org.apache.xerces.internal.parsers.XML11Configuration.parse(XML11Configuration.java:744)
	at com.sun.org.apache.xerces.internal.parsers.XMLParser.parse(XMLParser.java:128)
	at com.sun.org.apache.xerces.internal.parsers.AbstractSAXParser.parse(AbstractSAXParser.java:1208)
	at com.sun.org.apache.xerces.internal.jaxp.SAXParserImpl$JAXPSAXParser.parse(SAXParserImpl.java:543)
	at org.apache.tomcat.util.digester.Digester.parse(Digester.java:1675)
	at org.apache.catalina.startup.Catalina.load(Catalina.java:524)
	at org.apache.catalina.startup.Catalina.load(Catalina.java:562)
	at sun.reflect.NativeMethodAccessorImpl.invoke0(Native Method)
	at sun.reflect.NativeMethodAccessorImpl.invoke(NativeMethodAccessorImpl.java:39)
	at sun.reflect.DelegatingMethodAccessorImpl.invoke(DelegatingMethodAccessorImpl.java:25)
	at java.lang.reflect.Method.invoke(Method.java:597)
	at org.apache.catalina.startup.Bootstrap.load(Bootstrap.java:261)
	at org.apache.catalina.startup.Bootstrap.main(Bootstrap.java:413)
Caused by: java.lang.ClassNotFoundException: org.apache.catalina.startup.VersionLoggerListener
	at java.net.URLClassLoader$1.run(URLClassLoader.java:202)
	at java.security.AccessController.doPrivileged(Native Method)
	at java.net.URLClassLoader.findClass(URLClassLoader.java:190)
	at java.lang.ClassLoader.loadClass(ClassLoader.java:306)
	at java.lang.ClassLoader.loadClass(ClassLoader.java:247)
	at org.apache.tomcat.util.digester.ObjectCreateRule.begin(ObjectCreateRule.java:204)
	at org.apache.tomcat.util.digester.Rule.begin(Rule.java:152)
	at org.apache.tomcat.util.digester.Digester.startElement(Digester.java:1376)
	... 20 more
Jun 1, 2015 8:53:41 PM org.apache.tomcat.util.digester.Digester startElement
SEVERE: Begin event threw exception
java.lang.ClassNotFoundException: org.apache.catalina.startup.VersionLoggerListener
	at java.net.URLClassLoader$1.run(URLClassLoader.java:202)
	at java.security.AccessController.doPrivileged(Native Method)
	at java.net.URLClassLoader.findClass(URLClassLoader.java:190)
	at java.lang.ClassLoader.loadClass(ClassLoader.java:306)
	at java.lang.ClassLoader.loadClass(ClassLoader.java:247)
	at org.apache.tomcat.util.digester.ObjectCreateRule.begin(ObjectCreateRule.java:204)
	at org.apache.tomcat.util.digester.Rule.begin(Rule.java:152)
	at org.apache.tomcat.util.digester.Digester.startElement(Digester.java:1376)
	at com.sun.org.apache.xerces.internal.parsers.AbstractSAXParser.startElement(AbstractSAXParser.java:504)
	at com.sun.org.apache.xerces.internal.parsers.AbstractXMLDocumentParser.emptyElement(AbstractXMLDocumentParser.java:179)
	at com.sun.org.apache.xerces.internal.impl.XMLDocumentFragmentScannerImpl.scanStartElement(XMLDocumentFragmentScannerImpl.java:1350)
	at com.sun.org.apache.xerces.internal.impl.XMLDocumentFragmentScannerImpl$FragmentContentDriver.next(XMLDocumentFragmentScannerImpl.java:2763)
	at com.sun.org.apache.xerces.internal.impl.XMLDocumentScannerImpl.next(XMLDocumentScannerImpl.java:647)
	at com.sun.org.apache.xerces.internal.impl.XMLDocumentFragmentScannerImpl.scanDocument(XMLDocumentFragmentScannerImpl.java:513)
	at com.sun.org.apache.xerces.internal.parsers.XML11Configuration.parse(XML11Configuration.java:815)
	at com.sun.org.apache.xerces.internal.parsers.XML11Configuration.parse(XML11Configuration.java:744)
	at com.sun.org.apache.xerces.internal.parsers.XMLParser.parse(XMLParser.java:128)
	at com.sun.org.apache.xerces.internal.parsers.AbstractSAXParser.parse(AbstractSAXParser.java:1208)
	at com.sun.org.apache.xerces.internal.jaxp.SAXParserImpl$JAXPSAXParser.parse(SAXParserImpl.java:543)
	at org.apache.tomcat.util.digester.Digester.parse(Digester.java:1675)
	at org.apache.catalina.startup.Catalina.load(Catalina.java:524)
	at org.apache.catalina.startup.Catalina.start(Catalina.java:582)
	at sun.reflect.NativeMethodAccessorImpl.invoke0(Native Method)
	at sun.reflect.NativeMethodAccessorImpl.invoke(NativeMethodAccessorImpl.java:39)
	at sun.reflect.DelegatingMethodAccessorImpl.invoke(DelegatingMethodAccessorImpl.java:25)
	at java.lang.reflect.Method.invoke(Method.java:597)
	at org.apache.catalina.startup.Bootstrap.start(Bootstrap.java:289)
	at org.apache.catalina.startup.Bootstrap.main(Bootstrap.java:414)
Jun 1, 2015 8:53:41 PM org.apache.catalina.startup.Catalina load
WARNING: Catalina.start using conf/server.xml: 
java.lang.ClassNotFoundException: org.apache.catalina.startup.VersionLoggerListener
	at org.apache.tomcat.util.digester.Digester.createSAXException(Digester.java:2839)
	at org.apache.tomcat.util.digester.Digester.createSAXException(Digester.java:2865)
	at org.apache.tomcat.util.digester.Digester.startElement(Digester.java:1379)
	at com.sun.org.apache.xerces.internal.parsers.AbstractSAXParser.startElement(AbstractSAXParser.java:504)
	at com.sun.org.apache.xerces.internal.parsers.AbstractXMLDocumentParser.emptyElement(AbstractXMLDocumentParser.java:179)
	at com.sun.org.apache.xerces.internal.impl.XMLDocumentFragmentScannerImpl.scanStartElement(XMLDocumentFragmentScannerImpl.java:1350)
	at com.sun.org.apache.xerces.internal.impl.XMLDocumentFragmentScannerImpl$FragmentContentDriver.next(XMLDocumentFragmentScannerImpl.java:2763)
	at com.sun.org.apache.xerces.internal.impl.XMLDocumentScannerImpl.next(XMLDocumentScannerImpl.java:647)
	at com.sun.org.apache.xerces.internal.impl.XMLDocumentFragmentScannerImpl.scanDocument(XMLDocumentFragmentScannerImpl.java:513)
	at com.sun.org.apache.xerces.internal.parsers.XML11Configuration.parse(XML11Configuration.java:815)
	at com.sun.org.apache.xerces.internal.parsers.XML11Configuration.parse(XML11Configuration.java:744)
	at com.sun.org.apache.xerces.internal.parsers.XMLParser.parse(XMLParser.java:128)
	at com.sun.org.apache.xerces.internal.parsers.AbstractSAXParser.parse(AbstractSAXParser.java:1208)
	at com.sun.org.apache.xerces.internal.jaxp.SAXParserImpl$JAXPSAXParser.parse(SAXParserImpl.java:543)
	at org.apache.tomcat.util.digester.Digester.parse(Digester.java:1675)
	at org.apache.catalina.startup.Catalina.load(Catalina.java:524)
	at org.apache.catalina.startup.Catalina.start(Catalina.java:582)
	at sun.reflect.NativeMethodAccessorImpl.invoke0(Native Method)
	at sun.reflect.NativeMethodAccessorImpl.invoke(NativeMethodAccessorImpl.java:39)
	at sun.reflect.DelegatingMethodAccessorImpl.invoke(DelegatingMethodAccessorImpl.java:25)
	at java.lang.reflect.Method.invoke(Method.java:597)
	at org.apache.catalina.startup.Bootstrap.start(Bootstrap.java:289)
	at org.apache.catalina.startup.Bootstrap.main(Bootstrap.java:414)
Caused by: java.lang.ClassNotFoundException: org.apache.catalina.startup.VersionLoggerListener
	at java.net.URLClassLoader$1.run(URLClassLoader.java:202)
	at java.security.AccessController.doPrivileged(Native Method)
	at java.net.URLClassLoader.findClass(URLClassLoader.java:190)
	at java.lang.ClassLoader.loadClass(ClassLoader.java:306)
	at java.lang.ClassLoader.loadClass(ClassLoader.java:247)
	at org.apache.tomcat.util.digester.ObjectCreateRule.begin(ObjectCreateRule.java:204)
	at org.apache.tomcat.util.digester.Rule.begin(Rule.java:152)
	at org.apache.tomcat.util.digester.Digester.startElement(Digester.java:1376)
	... 20 more
Jun 1, 2015 8:53:41 PM org.apache.catalina.startup.Catalina start
SEVERE: Cannot start server. Server instance is not configured.
Jun 1, 2015 8:58:28 PM org.apache.catalina.core.AprLifecycleListener init
INFO: The APR based Apache Tomcat Native library which allows optimal performance in production environments was not found on the java.library.path: .:/Library/Java/Extensions:/System/Library/Java/Extensions:/usr/lib/java
Jun 1, 2015 8:58:28 PM org.apache.coyote.http11.Http11Protocol init
INFO: Initializing Coyote HTTP/1.1 on http-30080
Jun 1, 2015 8:58:28 PM org.apache.catalina.startup.Catalina load
INFO: Initialization processed in 1095 ms
Jun 1, 2015 8:58:28 PM org.apache.catalina.core.StandardService start
INFO: Starting service Catalina
Jun 1, 2015 8:58:28 PM org.apache.catalina.core.StandardEngine start
INFO: Starting Servlet Engine: Apache Tomcat/6.0.44
Jun 1, 2015 8:58:28 PM org.apache.catalina.startup.HostConfig deployDirectory
INFO: Deploying web application directory docs
Jun 1, 2015 8:58:29 PM org.apache.catalina.startup.HostConfig deployDirectory
INFO: Deploying web application directory examples
Jun 1, 2015 8:58:29 PM org.apache.catalina.startup.HostConfig deployDirectory
INFO: Deploying web application directory host-manager
Jun 1, 2015 8:58:29 PM org.apache.catalina.startup.HostConfig deployDirectory
INFO: Deploying web application directory manager
Jun 1, 2015 8:58:30 PM org.apache.catalina.startup.HostConfig deployDirectory
INFO: Deploying web application directory orig_ROOT
Jun 1, 2015 8:58:30 PM org.apache.catalina.startup.HostConfig deployDirectory
INFO: Deploying web application directory ROOT
Jun 1, 2015 8:58:30 PM org.apache.coyote.http11.Http11Protocol start
INFO: Starting Coyote HTTP/1.1 on http-30080
Jun 1, 2015 8:58:30 PM org.apache.jk.common.ChannelSocket init
INFO: JK: ajp13 listening on /0.0.0.0:30009
Jun 1, 2015 8:58:30 PM org.apache.jk.server.JkMain start
INFO: Jk running ID=0 time=0/45  config=null
Jun 1, 2015 8:58:30 PM org.apache.catalina.startup.Catalina start
INFO: Server startup in 1577 ms
Jun 1, 2015 9:02:20 PM org.apache.catalina.startup.HostConfig checkResources
INFO: Reloading context []
Jun 1, 2015 9:02:20 PM org.apache.catalina.startup.HostConfig checkResources
INFO: Reloading context [/manager]
Jun 1, 2015 9:02:20 PM org.apache.catalina.startup.HostConfig checkResources
INFO: Reloading context [/orig_ROOT]
Jun 1, 2015 9:02:20 PM org.apache.catalina.startup.HostConfig checkResources
INFO: Reloading context [/docs]
Jun 1, 2015 9:02:20 PM org.apache.catalina.startup.HostConfig checkResources
INFO: Reloading context [/examples]
Jun 1, 2015 9:02:21 PM org.apache.catalina.startup.HostConfig checkResources
INFO: Reloading context [/host-manager]
