Jul 7, 2015 8:08:57 PM org.apache.catalina.core.AprLifecycleListener init
INFO: The APR based Apache Tomcat Native library which allows optimal performance in production environments was not found on the java.library.path: .:/Library/Java/Extensions:/System/Library/Java/Extensions:/usr/lib/java
Jul 7, 2015 8:09:01 PM org.apache.coyote.http11.Http11Protocol init
INFO: Initializing Coyote HTTP/1.1 on http-30080
Jul 7, 2015 8:09:01 PM org.apache.catalina.startup.Catalina load
INFO: Initialization processed in 6673 ms
Jul 7, 2015 8:09:02 PM org.apache.catalina.core.StandardService start
INFO: Starting service Catalina
Jul 7, 2015 8:09:02 PM org.apache.catalina.core.StandardEngine start
INFO: Starting Servlet Engine: Apache Tomcat/6.0.44
Jul 7, 2015 8:09:03 PM org.apache.catalina.startup.HostConfig deployDescriptor
INFO: Deploying configuration descriptor host-manager.xml
Jul 7, 2015 8:09:07 PM org.apache.catalina.startup.HostConfig deployDescriptor
INFO: Deploying configuration descriptor manager.xml
Jul 7, 2015 8:09:08 PM org.apache.catalina.startup.HostConfig deployWAR
INFO: Deploying web application archive solr-4.7.2.war
Jul 7, 2015 8:09:13 PM org.apache.catalina.core.StandardContext start
SEVERE: Error filterStart
Jul 7, 2015 8:09:13 PM org.apache.catalina.core.StandardContext start
SEVERE: Context [/solr-4.7.2] startup failed due to previous errors
Jul 7, 2015 8:09:13 PM org.apache.catalina.startup.HostConfig deployDirectory
INFO: Deploying web application directory docs
Jul 7, 2015 8:09:13 PM org.apache.catalina.startup.HostConfig deployDirectory
INFO: Deploying web application directory examples
Jul 7, 2015 8:09:13 PM org.apache.catalina.startup.HostConfig deployDirectory
INFO: Deploying web application directory orig_ROOT
Jul 7, 2015 8:09:14 PM org.apache.catalina.startup.HostConfig deployDirectory
INFO: Deploying web application directory ROOT
Jul 7, 2015 8:09:14 PM org.apache.catalina.loader.WebappClassLoader validateJarFile
INFO: validateJarFile(/Users/spridera/Documents/code/travisCiFromGithub/ciTest/apache-tomcat.6.0.44/webapps/ROOT/WEB-INF/lib/servlet-api.jar) - jar not loaded. See Servlet Spec 2.3, section 9.7.2. Offending class: javax/servlet/Servlet.class
Jul 7, 2015 8:09:14 PM org.apache.coyote.http11.Http11Protocol start
INFO: Starting Coyote HTTP/1.1 on http-30080
Jul 7, 2015 8:09:14 PM org.apache.jk.common.ChannelSocket init
INFO: JK: ajp13 listening on /0.0.0.0:30009
Jul 7, 2015 8:09:14 PM org.apache.jk.server.JkMain start
INFO: Jk running ID=0 time=0/106  config=null
Jul 7, 2015 8:09:14 PM org.apache.catalina.startup.Catalina start
INFO: Server startup in 12979 ms
Jul 7, 2015 8:13:55 PM org.apache.catalina.startup.HostConfig deployDescriptor
INFO: Deploying configuration descriptor solr.xml
Jul 7, 2015 8:13:55 PM org.apache.tomcat.util.digester.Digester fatalError
SEVERE: Parse Fatal Error at line 1 column 1: Premature end of file.
org.xml.sax.SAXParseException: Premature end of file.
	at com.sun.org.apache.xerces.internal.util.ErrorHandlerWrapper.createSAXParseException(ErrorHandlerWrapper.java:195)
	at com.sun.org.apache.xerces.internal.util.ErrorHandlerWrapper.fatalError(ErrorHandlerWrapper.java:174)
	at com.sun.org.apache.xerces.internal.impl.XMLErrorReporter.reportError(XMLErrorReporter.java:388)
	at com.sun.org.apache.xerces.internal.impl.XMLScanner.reportFatalError(XMLScanner.java:1476)
	at com.sun.org.apache.xerces.internal.impl.XMLDocumentScannerImpl$PrologDriver.next(XMLDocumentScannerImpl.java:1057)
	at com.sun.org.apache.xerces.internal.impl.XMLDocumentScannerImpl.next(XMLDocumentScannerImpl.java:647)
	at com.sun.org.apache.xerces.internal.impl.XMLDocumentFragmentScannerImpl.scanDocument(XMLDocumentFragmentScannerImpl.java:513)
	at com.sun.org.apache.xerces.internal.parsers.XML11Configuration.parse(XML11Configuration.java:815)
	at com.sun.org.apache.xerces.internal.parsers.XML11Configuration.parse(XML11Configuration.java:744)
	at com.sun.org.apache.xerces.internal.parsers.XMLParser.parse(XMLParser.java:128)
	at com.sun.org.apache.xerces.internal.parsers.AbstractSAXParser.parse(AbstractSAXParser.java:1208)
	at com.sun.org.apache.xerces.internal.jaxp.SAXParserImpl$JAXPSAXParser.parse(SAXParserImpl.java:543)
	at org.apache.tomcat.util.digester.Digester.parse(Digester.java:1659)
	at org.apache.catalina.startup.HostConfig.deployDescriptor(HostConfig.java:632)
	at org.apache.catalina.startup.HostConfig.deployDescriptors(HostConfig.java:602)
	at org.apache.catalina.startup.HostConfig.deployApps(HostConfig.java:503)
	at org.apache.catalina.startup.HostConfig.check(HostConfig.java:1388)
	at org.apache.catalina.startup.HostConfig.lifecycleEvent(HostConfig.java:307)
	at org.apache.catalina.util.LifecycleSupport.fireLifecycleEvent(LifecycleSupport.java:142)
	at org.apache.catalina.core.ContainerBase.backgroundProcess(ContainerBase.java:1392)
	at org.apache.catalina.core.ContainerBase$ContainerBackgroundProcessor.processChildren(ContainerBase.java:1656)
	at org.apache.catalina.core.ContainerBase$ContainerBackgroundProcessor.processChildren(ContainerBase.java:1665)
	at org.apache.catalina.core.ContainerBase$ContainerBackgroundProcessor.run(ContainerBase.java:1645)
	at java.lang.Thread.run(Thread.java:695)
Jul 7, 2015 8:13:55 PM org.apache.catalina.startup.HostConfig deployDescriptor
SEVERE: Error deploying configuration descriptor solr.xml
org.xml.sax.SAXParseException: Premature end of file.
	at com.sun.org.apache.xerces.internal.parsers.AbstractSAXParser.parse(AbstractSAXParser.java:1234)
	at com.sun.org.apache.xerces.internal.jaxp.SAXParserImpl$JAXPSAXParser.parse(SAXParserImpl.java:543)
	at org.apache.tomcat.util.digester.Digester.parse(Digester.java:1659)
	at org.apache.catalina.startup.HostConfig.deployDescriptor(HostConfig.java:632)
	at org.apache.catalina.startup.HostConfig.deployDescriptors(HostConfig.java:602)
	at org.apache.catalina.startup.HostConfig.deployApps(HostConfig.java:503)
	at org.apache.catalina.startup.HostConfig.check(HostConfig.java:1388)
	at org.apache.catalina.startup.HostConfig.lifecycleEvent(HostConfig.java:307)
	at org.apache.catalina.util.LifecycleSupport.fireLifecycleEvent(LifecycleSupport.java:142)
	at org.apache.catalina.core.ContainerBase.backgroundProcess(ContainerBase.java:1392)
	at org.apache.catalina.core.ContainerBase$ContainerBackgroundProcessor.processChildren(ContainerBase.java:1656)
	at org.apache.catalina.core.ContainerBase$ContainerBackgroundProcessor.processChildren(ContainerBase.java:1665)
	at org.apache.catalina.core.ContainerBase$ContainerBackgroundProcessor.run(ContainerBase.java:1645)
	at java.lang.Thread.run(Thread.java:695)
Jul 7, 2015 8:14:05 PM org.apache.catalina.startup.HostConfig deployDescriptor
INFO: Deploying configuration descriptor solr.xml
Jul 7, 2015 8:14:05 PM org.apache.tomcat.util.digester.Digester fatalError
SEVERE: Parse Fatal Error at line 1 column 1: Premature end of file.
org.xml.sax.SAXParseException: Premature end of file.
	at com.sun.org.apache.xerces.internal.util.ErrorHandlerWrapper.createSAXParseException(ErrorHandlerWrapper.java:195)
	at com.sun.org.apache.xerces.internal.util.ErrorHandlerWrapper.fatalError(ErrorHandlerWrapper.java:174)
	at com.sun.org.apache.xerces.internal.impl.XMLErrorReporter.reportError(XMLErrorReporter.java:388)
	at com.sun.org.apache.xerces.internal.impl.XMLScanner.reportFatalError(XMLScanner.java:1476)
	at com.sun.org.apache.xerces.internal.impl.XMLDocumentScannerImpl$PrologDriver.next(XMLDocumentScannerImpl.java:1057)
	at com.sun.org.apache.xerces.internal.impl.XMLDocumentScannerImpl.next(XMLDocumentScannerImpl.java:647)
	at com.sun.org.apache.xerces.internal.impl.XMLDocumentFragmentScannerImpl.scanDocument(XMLDocumentFragmentScannerImpl.java:513)
	at com.sun.org.apache.xerces.internal.parsers.XML11Configuration.parse(XML11Configuration.java:815)
	at com.sun.org.apache.xerces.internal.parsers.XML11Configuration.parse(XML11Configuration.java:744)
	at com.sun.org.apache.xerces.internal.parsers.XMLParser.parse(XMLParser.java:128)
	at com.sun.org.apache.xerces.internal.parsers.AbstractSAXParser.parse(AbstractSAXParser.java:1208)
	at com.sun.org.apache.xerces.internal.jaxp.SAXParserImpl$JAXPSAXParser.parse(SAXParserImpl.java:543)
	at org.apache.tomcat.util.digester.Digester.parse(Digester.java:1659)
	at org.apache.catalina.startup.HostConfig.deployDescriptor(HostConfig.java:632)
	at org.apache.catalina.startup.HostConfig.deployDescriptors(HostConfig.java:602)
	at org.apache.catalina.startup.HostConfig.deployApps(HostConfig.java:503)
	at org.apache.catalina.startup.HostConfig.check(HostConfig.java:1388)
	at org.apache.catalina.startup.HostConfig.lifecycleEvent(HostConfig.java:307)
	at org.apache.catalina.util.LifecycleSupport.fireLifecycleEvent(LifecycleSupport.java:142)
	at org.apache.catalina.core.ContainerBase.backgroundProcess(ContainerBase.java:1392)
	at org.apache.catalina.core.ContainerBase$ContainerBackgroundProcessor.processChildren(ContainerBase.java:1656)
	at org.apache.catalina.core.ContainerBase$ContainerBackgroundProcessor.processChildren(ContainerBase.java:1665)
	at org.apache.catalina.core.ContainerBase$ContainerBackgroundProcessor.run(ContainerBase.java:1645)
	at java.lang.Thread.run(Thread.java:695)
Jul 7, 2015 8:14:05 PM org.apache.catalina.startup.HostConfig deployDescriptor
SEVERE: Error deploying configuration descriptor solr.xml
org.xml.sax.SAXParseException: Premature end of file.
	at com.sun.org.apache.xerces.internal.parsers.AbstractSAXParser.parse(AbstractSAXParser.java:1234)
	at com.sun.org.apache.xerces.internal.jaxp.SAXParserImpl$JAXPSAXParser.parse(SAXParserImpl.java:543)
	at org.apache.tomcat.util.digester.Digester.parse(Digester.java:1659)
	at org.apache.catalina.startup.HostConfig.deployDescriptor(HostConfig.java:632)
	at org.apache.catalina.startup.HostConfig.deployDescriptors(HostConfig.java:602)
	at org.apache.catalina.startup.HostConfig.deployApps(HostConfig.java:503)
	at org.apache.catalina.startup.HostConfig.check(HostConfig.java:1388)
	at org.apache.catalina.startup.HostConfig.lifecycleEvent(HostConfig.java:307)
	at org.apache.catalina.util.LifecycleSupport.fireLifecycleEvent(LifecycleSupport.java:142)
	at org.apache.catalina.core.ContainerBase.backgroundProcess(ContainerBase.java:1392)
	at org.apache.catalina.core.ContainerBase$ContainerBackgroundProcessor.processChildren(ContainerBase.java:1656)
	at org.apache.catalina.core.ContainerBase$ContainerBackgroundProcessor.processChildren(ContainerBase.java:1665)
	at org.apache.catalina.core.ContainerBase$ContainerBackgroundProcessor.run(ContainerBase.java:1645)
	at java.lang.Thread.run(Thread.java:695)
Jul 7, 2015 8:14:15 PM org.apache.catalina.startup.HostConfig deployDescriptor
INFO: Deploying configuration descriptor solr.xml
Jul 7, 2015 8:14:15 PM org.apache.catalina.startup.ContextConfig init
SEVERE: Exception fixing docBase for context [/solr] 
java.util.zip.ZipException: error in opening zip file
	at java.util.zip.ZipFile.open(Native Method)
	at java.util.zip.ZipFile.<init>(ZipFile.java:128)
	at java.util.jar.JarFile.<init>(JarFile.java:136)
	at java.util.jar.JarFile.<init>(JarFile.java:73)
	at sun.net.www.protocol.jar.URLJarFile.<init>(URLJarFile.java:72)
	at sun.net.www.protocol.jar.URLJarFile.getJarFile(URLJarFile.java:48)
	at sun.net.www.protocol.jar.JarFileFactory.get(JarFileFactory.java:70)
	at sun.net.www.protocol.jar.JarURLConnection.connect(JarURLConnection.java:104)
	at sun.net.www.protocol.jar.JarURLConnection.getJarFile(JarURLConnection.java:71)
	at org.apache.catalina.startup.ExpandWar.expand(ExpandWar.java:149)
	at org.apache.catalina.startup.ContextConfig.fixDocBase(ContextConfig.java:882)
	at org.apache.catalina.startup.ContextConfig.init(ContextConfig.java:1009)
	at org.apache.catalina.startup.ContextConfig.lifecycleEvent(ContextConfig.java:276)
	at org.apache.catalina.util.LifecycleSupport.fireLifecycleEvent(LifecycleSupport.java:142)
	at org.apache.catalina.core.StandardContext.init(StandardContext.java:5703)
	at org.apache.catalina.core.StandardContext.start(StandardContext.java:4453)
	at org.apache.catalina.core.ContainerBase.addChildInternal(ContainerBase.java:802)
	at org.apache.catalina.core.ContainerBase.addChild(ContainerBase.java:779)
	at org.apache.catalina.core.StandardHost.addChild(StandardHost.java:583)
	at org.apache.catalina.startup.HostConfig.deployDescriptor(HostConfig.java:676)
	at org.apache.catalina.startup.HostConfig.deployDescriptors(HostConfig.java:602)
	at org.apache.catalina.startup.HostConfig.deployApps(HostConfig.java:503)
	at org.apache.catalina.startup.HostConfig.check(HostConfig.java:1388)
	at org.apache.catalina.startup.HostConfig.lifecycleEvent(HostConfig.java:307)
	at org.apache.catalina.util.LifecycleSupport.fireLifecycleEvent(LifecycleSupport.java:142)
	at org.apache.catalina.core.ContainerBase.backgroundProcess(ContainerBase.java:1392)
	at org.apache.catalina.core.ContainerBase$ContainerBackgroundProcessor.processChildren(ContainerBase.java:1656)
	at org.apache.catalina.core.ContainerBase$ContainerBackgroundProcessor.processChildren(ContainerBase.java:1665)
	at org.apache.catalina.core.ContainerBase$ContainerBackgroundProcessor.run(ContainerBase.java:1645)
	at java.lang.Thread.run(Thread.java:695)
Jul 7, 2015 8:14:15 PM org.apache.catalina.core.StandardContext resourcesStart
SEVERE: Error starting static Resources
java.lang.IllegalArgumentException: Invalid or unreadable WAR file : /usr/share/solr/example/multicore/solr.war
	at org.apache.naming.resources.WARDirContext.setDocBase(WARDirContext.java:130)
	at org.apache.catalina.core.StandardContext.resourcesStart(StandardContext.java:4324)
	at org.apache.catalina.core.StandardContext.start(StandardContext.java:4493)
	at org.apache.catalina.core.ContainerBase.addChildInternal(ContainerBase.java:802)
	at org.apache.catalina.core.ContainerBase.addChild(ContainerBase.java:779)
	at org.apache.catalina.core.StandardHost.addChild(StandardHost.java:583)
	at org.apache.catalina.startup.HostConfig.deployDescriptor(HostConfig.java:676)
	at org.apache.catalina.startup.HostConfig.deployDescriptors(HostConfig.java:602)
	at org.apache.catalina.startup.HostConfig.deployApps(HostConfig.java:503)
	at org.apache.catalina.startup.HostConfig.check(HostConfig.java:1388)
	at org.apache.catalina.startup.HostConfig.lifecycleEvent(HostConfig.java:307)
	at org.apache.catalina.util.LifecycleSupport.fireLifecycleEvent(LifecycleSupport.java:142)
	at org.apache.catalina.core.ContainerBase.backgroundProcess(ContainerBase.java:1392)
	at org.apache.catalina.core.ContainerBase$ContainerBackgroundProcessor.processChildren(ContainerBase.java:1656)
	at org.apache.catalina.core.ContainerBase$ContainerBackgroundProcessor.processChildren(ContainerBase.java:1665)
	at org.apache.catalina.core.ContainerBase$ContainerBackgroundProcessor.run(ContainerBase.java:1645)
	at java.lang.Thread.run(Thread.java:695)
Jul 7, 2015 8:14:15 PM org.apache.catalina.core.StandardContext start
SEVERE: Error in resourceStart()
Jul 7, 2015 8:14:15 PM org.apache.catalina.core.StandardContext start
SEVERE: Error getConfigured
Jul 7, 2015 8:14:15 PM org.apache.catalina.core.StandardContext start
SEVERE: Context [/solr] startup failed due to previous errors
Jul 7, 2015 8:14:15 PM org.apache.catalina.core.StandardContext stop
INFO: Container org.apache.catalina.core.ContainerBase.[Catalina].[localhost].[/solr] has not been started
Jul 7, 2015 8:16:41 PM org.apache.catalina.startup.HostConfig checkResources
INFO: Undeploying context [/solr]
Jul 7, 2015 8:16:41 PM org.apache.catalina.startup.HostConfig deployDescriptor
INFO: Deploying configuration descriptor solr.xml
Jul 7, 2015 8:17:02 PM org.apache.catalina.startup.HostConfig checkResources
INFO: Undeploying context [/solr]
Jul 7, 2015 8:17:02 PM org.apache.catalina.startup.HostConfig deployDescriptor
INFO: Deploying configuration descriptor solr.xml
Jul 7, 2015 8:17:02 PM org.apache.catalina.startup.HostConfig deployDescriptor
WARNING: A docBase /Users/spridera/Documents/code/travisCiFromGithub/ciTest/apache-tomcat.6.0.44/webapps/solr-4.7.2.war inside the host appBase has been specified, and will be ignored
Jul 7, 2015 8:17:02 PM org.apache.catalina.core.StandardContext resourcesStart
SEVERE: Error starting static Resources
java.lang.IllegalArgumentException: Document base /Users/spridera/Documents/code/travisCiFromGithub/ciTest/apache-tomcat.6.0.44/webapps/solr does not exist or is not a readable directory
	at org.apache.naming.resources.FileDirContext.setDocBase(FileDirContext.java:142)
	at org.apache.catalina.core.StandardContext.resourcesStart(StandardContext.java:4324)
	at org.apache.catalina.core.StandardContext.start(StandardContext.java:4493)
	at org.apache.catalina.core.ContainerBase.addChildInternal(ContainerBase.java:802)
	at org.apache.catalina.core.ContainerBase.addChild(ContainerBase.java:779)
	at org.apache.catalina.core.StandardHost.addChild(StandardHost.java:583)
	at org.apache.catalina.startup.HostConfig.deployDescriptor(HostConfig.java:676)
	at org.apache.catalina.startup.HostConfig.deployDescriptors(HostConfig.java:602)
	at org.apache.catalina.startup.HostConfig.deployApps(HostConfig.java:503)
	at org.apache.catalina.startup.HostConfig.check(HostConfig.java:1388)
	at org.apache.catalina.startup.HostConfig.lifecycleEvent(HostConfig.java:307)
	at org.apache.catalina.util.LifecycleSupport.fireLifecycleEvent(LifecycleSupport.java:142)
	at org.apache.catalina.core.ContainerBase.backgroundProcess(ContainerBase.java:1392)
	at org.apache.catalina.core.ContainerBase$ContainerBackgroundProcessor.processChildren(ContainerBase.java:1656)
	at org.apache.catalina.core.ContainerBase$ContainerBackgroundProcessor.processChildren(ContainerBase.java:1665)
	at org.apache.catalina.core.ContainerBase$ContainerBackgroundProcessor.run(ContainerBase.java:1645)
	at java.lang.Thread.run(Thread.java:695)
Jul 7, 2015 8:17:02 PM org.apache.catalina.core.StandardContext start
SEVERE: Error in resourceStart()
Jul 7, 2015 8:17:02 PM org.apache.catalina.core.StandardContext start
SEVERE: Error getConfigured
Jul 7, 2015 8:17:02 PM org.apache.catalina.core.StandardContext start
SEVERE: Context [/solr] startup failed due to previous errors
Jul 7, 2015 8:17:02 PM org.apache.catalina.core.StandardContext stop
INFO: Container org.apache.catalina.core.ContainerBase.[Catalina].[localhost].[/solr] has not been started
Jul 7, 2015 8:25:27 PM org.apache.catalina.startup.HostConfig checkResources
INFO: Undeploying context [/solr]
Jul 7, 2015 8:25:28 PM org.apache.catalina.startup.HostConfig deployDescriptor
INFO: Deploying configuration descriptor solr.xml
Jul 7, 2015 8:25:28 PM org.apache.catalina.startup.HostConfig deployDescriptor
WARNING: A docBase /Users/spridera/Documents/code/travisCiFromGithub/ciTest/apache-tomcat.6.0.44/webapps/solr-4.7.2.war inside the host appBase has been specified, and will be ignored
Jul 7, 2015 8:25:28 PM org.apache.catalina.core.StandardContext resourcesStart
SEVERE: Error starting static Resources
java.lang.IllegalArgumentException: Document base /Users/spridera/Documents/code/travisCiFromGithub/ciTest/apache-tomcat.6.0.44/webapps/solr does not exist or is not a readable directory
	at org.apache.naming.resources.FileDirContext.setDocBase(FileDirContext.java:142)
	at org.apache.catalina.core.StandardContext.resourcesStart(StandardContext.java:4324)
	at org.apache.catalina.core.StandardContext.start(StandardContext.java:4493)
	at org.apache.catalina.core.ContainerBase.addChildInternal(ContainerBase.java:802)
	at org.apache.catalina.core.ContainerBase.addChild(ContainerBase.java:779)
	at org.apache.catalina.core.StandardHost.addChild(StandardHost.java:583)
	at org.apache.catalina.startup.HostConfig.deployDescriptor(HostConfig.java:676)
	at org.apache.catalina.startup.HostConfig.deployDescriptors(HostConfig.java:602)
	at org.apache.catalina.startup.HostConfig.deployApps(HostConfig.java:503)
	at org.apache.catalina.startup.HostConfig.check(HostConfig.java:1388)
	at org.apache.catalina.startup.HostConfig.lifecycleEvent(HostConfig.java:307)
	at org.apache.catalina.util.LifecycleSupport.fireLifecycleEvent(LifecycleSupport.java:142)
	at org.apache.catalina.core.ContainerBase.backgroundProcess(ContainerBase.java:1392)
	at org.apache.catalina.core.ContainerBase$ContainerBackgroundProcessor.processChildren(ContainerBase.java:1656)
	at org.apache.catalina.core.ContainerBase$ContainerBackgroundProcessor.processChildren(ContainerBase.java:1665)
	at org.apache.catalina.core.ContainerBase$ContainerBackgroundProcessor.run(ContainerBase.java:1645)
	at java.lang.Thread.run(Thread.java:695)
Jul 7, 2015 8:25:28 PM org.apache.catalina.core.StandardContext start
SEVERE: Error in resourceStart()
Jul 7, 2015 8:25:28 PM org.apache.catalina.core.StandardContext start
SEVERE: Error getConfigured
Jul 7, 2015 8:25:28 PM org.apache.catalina.core.StandardContext start
SEVERE: Context [/solr] startup failed due to previous errors
Jul 7, 2015 8:25:28 PM org.apache.catalina.core.StandardContext stop
INFO: Container org.apache.catalina.core.ContainerBase.[Catalina].[localhost].[/solr] has not been started
Jul 7, 2015 8:27:44 PM org.apache.coyote.http11.Http11Protocol pause
INFO: Pausing Coyote HTTP/1.1 on http-30080
Jul 7, 2015 8:27:45 PM org.apache.catalina.core.StandardService stop
INFO: Stopping service Catalina
Jul 7, 2015 8:27:46 PM org.apache.coyote.http11.Http11Protocol destroy
INFO: Stopping Coyote HTTP/1.1 on http-30080
Jul 7, 2015 8:27:53 PM org.apache.catalina.core.AprLifecycleListener init
INFO: The APR based Apache Tomcat Native library which allows optimal performance in production environments was not found on the java.library.path: .:/Library/Java/Extensions:/System/Library/Java/Extensions:/usr/lib/java
Jul 7, 2015 8:27:53 PM org.apache.coyote.http11.Http11Protocol init
INFO: Initializing Coyote HTTP/1.1 on http-30080
Jul 7, 2015 8:27:53 PM org.apache.catalina.startup.Catalina load
INFO: Initialization processed in 775 ms
Jul 7, 2015 8:27:53 PM org.apache.catalina.core.StandardService start
INFO: Starting service Catalina
Jul 7, 2015 8:27:53 PM org.apache.catalina.core.StandardEngine start
INFO: Starting Servlet Engine: Apache Tomcat/6.0.44
Jul 7, 2015 8:27:53 PM org.apache.catalina.startup.HostConfig deployDescriptor
INFO: Deploying configuration descriptor host-manager.xml
Jul 7, 2015 8:27:54 PM org.apache.catalina.startup.HostConfig deployDescriptor
INFO: Deploying configuration descriptor manager.xml
Jul 7, 2015 8:27:54 PM org.apache.catalina.startup.HostConfig deployDescriptor
INFO: Deploying configuration descriptor solr.xml
Jul 7, 2015 8:27:54 PM org.apache.catalina.startup.HostConfig deployDescriptor
WARNING: A docBase /Users/spridera/Documents/code/travisCiFromGithub/ciTest/apache-tomcat.6.0.44/webapps/solr-4.7.2.war inside the host appBase has been specified, and will be ignored
Jul 7, 2015 8:27:54 PM org.apache.catalina.core.StandardContext resourcesStart
SEVERE: Error starting static Resources
java.lang.IllegalArgumentException: Document base /Users/spridera/Documents/code/travisCiFromGithub/ciTest/apache-tomcat.6.0.44/webapps/solr does not exist or is not a readable directory
	at org.apache.naming.resources.FileDirContext.setDocBase(FileDirContext.java:142)
	at org.apache.catalina.core.StandardContext.resourcesStart(StandardContext.java:4324)
	at org.apache.catalina.core.StandardContext.start(StandardContext.java:4493)
	at org.apache.catalina.core.ContainerBase.addChildInternal(ContainerBase.java:802)
	at org.apache.catalina.core.ContainerBase.addChild(ContainerBase.java:779)
	at org.apache.catalina.core.StandardHost.addChild(StandardHost.java:583)
	at org.apache.catalina.startup.HostConfig.deployDescriptor(HostConfig.java:676)
	at org.apache.catalina.startup.HostConfig.deployDescriptors(HostConfig.java:602)
	at org.apache.catalina.startup.HostConfig.deployApps(HostConfig.java:503)
	at org.apache.catalina.startup.HostConfig.start(HostConfig.java:1322)
	at org.apache.catalina.startup.HostConfig.lifecycleEvent(HostConfig.java:325)
	at org.apache.catalina.util.LifecycleSupport.fireLifecycleEvent(LifecycleSupport.java:142)
	at org.apache.catalina.core.ContainerBase.start(ContainerBase.java:1068)
	at org.apache.catalina.core.StandardHost.start(StandardHost.java:822)
	at org.apache.catalina.core.ContainerBase.start(ContainerBase.java:1060)
	at org.apache.catalina.core.StandardEngine.start(StandardEngine.java:463)
	at org.apache.catalina.core.StandardService.start(StandardService.java:525)
	at org.apache.catalina.core.StandardServer.start(StandardServer.java:759)
	at org.apache.catalina.startup.Catalina.start(Catalina.java:595)
	at sun.reflect.NativeMethodAccessorImpl.invoke0(Native Method)
	at sun.reflect.NativeMethodAccessorImpl.invoke(NativeMethodAccessorImpl.java:39)
	at sun.reflect.DelegatingMethodAccessorImpl.invoke(DelegatingMethodAccessorImpl.java:25)
	at java.lang.reflect.Method.invoke(Method.java:597)
	at org.apache.catalina.startup.Bootstrap.start(Bootstrap.java:289)
	at org.apache.catalina.startup.Bootstrap.main(Bootstrap.java:414)
Jul 7, 2015 8:27:54 PM org.apache.catalina.core.StandardContext start
SEVERE: Error in resourceStart()
Jul 7, 2015 8:27:54 PM org.apache.catalina.core.StandardContext start
SEVERE: Error getConfigured
Jul 7, 2015 8:27:54 PM org.apache.catalina.core.StandardContext start
SEVERE: Context [/solr] startup failed due to previous errors
Jul 7, 2015 8:27:54 PM org.apache.catalina.core.StandardContext stop
INFO: Container org.apache.catalina.core.ContainerBase.[Catalina].[localhost].[/solr] has not been started
Jul 7, 2015 8:27:54 PM org.apache.catalina.startup.HostConfig deployWAR
INFO: Deploying web application archive solr-4.7.2.war
Jul 7, 2015 8:27:58 PM org.apache.catalina.startup.HostConfig deployDirectory
INFO: Deploying web application directory docs
Jul 7, 2015 8:27:59 PM org.apache.catalina.startup.HostConfig deployDirectory
INFO: Deploying web application directory examples
Jul 7, 2015 8:27:59 PM org.apache.catalina.startup.HostConfig deployDirectory
INFO: Deploying web application directory orig_ROOT
Jul 7, 2015 8:27:59 PM org.apache.catalina.startup.HostConfig deployDirectory
INFO: Deploying web application directory ROOT
Jul 7, 2015 8:27:59 PM org.apache.catalina.loader.WebappClassLoader validateJarFile
INFO: validateJarFile(/Users/spridera/Documents/code/travisCiFromGithub/ciTest/apache-tomcat.6.0.44/webapps/ROOT/WEB-INF/lib/servlet-api.jar) - jar not loaded. See Servlet Spec 2.3, section 9.7.2. Offending class: javax/servlet/Servlet.class
Jul 7, 2015 8:28:00 PM org.apache.coyote.http11.Http11Protocol start
INFO: Starting Coyote HTTP/1.1 on http-30080
Jul 7, 2015 8:28:00 PM org.apache.jk.common.ChannelSocket init
INFO: JK: ajp13 listening on /0.0.0.0:30009
Jul 7, 2015 8:28:00 PM org.apache.jk.server.JkMain start
INFO: Jk running ID=0 time=0/41  config=null
Jul 7, 2015 8:28:00 PM org.apache.catalina.startup.Catalina start
INFO: Server startup in 6678 ms
Jul 7, 2015 8:35:22 PM org.apache.catalina.startup.HostConfig checkResources
INFO: Undeploying context [/solr]
Jul 7, 2015 8:35:22 PM org.apache.catalina.startup.HostConfig deployDescriptor
INFO: Deploying configuration descriptor solr.xml
Jul 7, 2015 8:35:22 PM org.apache.catalina.startup.HostConfig deployDescriptor
WARNING: A docBase /Users/spridera/Documents/code/travisCiFromGithub/ciTest/apache-tomcat.6.0.44/webapps/solr-4.7.2.war inside the host appBase has been specified, and will be ignored
Jul 7, 2015 8:35:22 PM org.apache.catalina.core.StandardContext resourcesStart
SEVERE: Error starting static Resources
java.lang.IllegalArgumentException: Document base /Users/spridera/Documents/code/travisCiFromGithub/ciTest/apache-tomcat.6.0.44/webapps/solr does not exist or is not a readable directory
	at org.apache.naming.resources.FileDirContext.setDocBase(FileDirContext.java:142)
	at org.apache.catalina.core.StandardContext.resourcesStart(StandardContext.java:4324)
	at org.apache.catalina.core.StandardContext.start(StandardContext.java:4493)
	at org.apache.catalina.core.ContainerBase.addChildInternal(ContainerBase.java:802)
	at org.apache.catalina.core.ContainerBase.addChild(ContainerBase.java:779)
	at org.apache.catalina.core.StandardHost.addChild(StandardHost.java:583)
	at org.apache.catalina.startup.HostConfig.deployDescriptor(HostConfig.java:676)
	at org.apache.catalina.startup.HostConfig.deployDescriptors(HostConfig.java:602)
	at org.apache.catalina.startup.HostConfig.deployApps(HostConfig.java:503)
	at org.apache.catalina.startup.HostConfig.check(HostConfig.java:1388)
	at org.apache.catalina.startup.HostConfig.lifecycleEvent(HostConfig.java:307)
	at org.apache.catalina.util.LifecycleSupport.fireLifecycleEvent(LifecycleSupport.java:142)
	at org.apache.catalina.core.ContainerBase.backgroundProcess(ContainerBase.java:1392)
	at org.apache.catalina.core.ContainerBase$ContainerBackgroundProcessor.processChildren(ContainerBase.java:1656)
	at org.apache.catalina.core.ContainerBase$ContainerBackgroundProcessor.processChildren(ContainerBase.java:1665)
	at org.apache.catalina.core.ContainerBase$ContainerBackgroundProcessor.run(ContainerBase.java:1645)
	at java.lang.Thread.run(Thread.java:695)
Jul 7, 2015 8:35:22 PM org.apache.catalina.core.StandardContext start
SEVERE: Error in resourceStart()
Jul 7, 2015 8:35:22 PM org.apache.catalina.core.StandardContext start
SEVERE: Error getConfigured
Jul 7, 2015 8:35:22 PM org.apache.catalina.core.StandardContext start
SEVERE: Context [/solr] startup failed due to previous errors
Jul 7, 2015 8:35:22 PM org.apache.catalina.core.StandardContext stop
INFO: Container org.apache.catalina.core.ContainerBase.[Catalina].[localhost].[/solr] has not been started
Jul 7, 2015 8:35:53 PM org.apache.catalina.startup.HostConfig checkResources
INFO: Undeploying context [/solr]
Jul 7, 2015 8:35:53 PM org.apache.catalina.startup.HostConfig deployDescriptor
INFO: Deploying configuration descriptor solr.xml
Jul 7, 2015 8:35:53 PM org.apache.catalina.startup.HostConfig deployDescriptor
WARNING: A docBase /Users/spridera/Documents/code/travisCiFromGithub/ciTest/apache-tomcat.6.0.44/webapps/solr-4.7.2.war inside the host appBase has been specified, and will be ignored
Jul 7, 2015 8:35:53 PM org.apache.catalina.core.StandardContext resourcesStart
SEVERE: Error starting static Resources
java.lang.IllegalArgumentException: Document base /Users/spridera/Documents/code/travisCiFromGithub/ciTest/apache-tomcat.6.0.44/webapps/solr does not exist or is not a readable directory
	at org.apache.naming.resources.FileDirContext.setDocBase(FileDirContext.java:142)
	at org.apache.catalina.core.StandardContext.resourcesStart(StandardContext.java:4324)
	at org.apache.catalina.core.StandardContext.start(StandardContext.java:4493)
	at org.apache.catalina.core.ContainerBase.addChildInternal(ContainerBase.java:802)
	at org.apache.catalina.core.ContainerBase.addChild(ContainerBase.java:779)
	at org.apache.catalina.core.StandardHost.addChild(StandardHost.java:583)
	at org.apache.catalina.startup.HostConfig.deployDescriptor(HostConfig.java:676)
	at org.apache.catalina.startup.HostConfig.deployDescriptors(HostConfig.java:602)
	at org.apache.catalina.startup.HostConfig.deployApps(HostConfig.java:503)
	at org.apache.catalina.startup.HostConfig.check(HostConfig.java:1388)
	at org.apache.catalina.startup.HostConfig.lifecycleEvent(HostConfig.java:307)
	at org.apache.catalina.util.LifecycleSupport.fireLifecycleEvent(LifecycleSupport.java:142)
	at org.apache.catalina.core.ContainerBase.backgroundProcess(ContainerBase.java:1392)
	at org.apache.catalina.core.ContainerBase$ContainerBackgroundProcessor.processChildren(ContainerBase.java:1656)
	at org.apache.catalina.core.ContainerBase$ContainerBackgroundProcessor.processChildren(ContainerBase.java:1665)
	at org.apache.catalina.core.ContainerBase$ContainerBackgroundProcessor.run(ContainerBase.java:1645)
	at java.lang.Thread.run(Thread.java:695)
Jul 7, 2015 8:35:53 PM org.apache.catalina.core.StandardContext start
SEVERE: Error in resourceStart()
Jul 7, 2015 8:35:53 PM org.apache.catalina.core.StandardContext start
SEVERE: Error getConfigured
Jul 7, 2015 8:35:53 PM org.apache.catalina.core.StandardContext start
SEVERE: Context [/solr] startup failed due to previous errors
Jul 7, 2015 8:35:53 PM org.apache.catalina.core.StandardContext stop
INFO: Container org.apache.catalina.core.ContainerBase.[Catalina].[localhost].[/solr] has not been started
Jul 7, 2015 8:36:00 PM org.apache.coyote.http11.Http11Protocol pause
INFO: Pausing Coyote HTTP/1.1 on http-30080
Jul 7, 2015 8:36:01 PM org.apache.catalina.core.StandardService stop
INFO: Stopping service Catalina
Jul 7, 2015 8:36:05 PM org.apache.coyote.http11.Http11Protocol destroy
INFO: Stopping Coyote HTTP/1.1 on http-30080
Jul 7, 2015 8:36:11 PM org.apache.catalina.core.AprLifecycleListener init
INFO: The APR based Apache Tomcat Native library which allows optimal performance in production environments was not found on the java.library.path: .:/Library/Java/Extensions:/System/Library/Java/Extensions:/usr/lib/java
Jul 7, 2015 8:36:11 PM org.apache.coyote.http11.Http11Protocol init
INFO: Initializing Coyote HTTP/1.1 on http-30080
Jul 7, 2015 8:36:11 PM org.apache.catalina.startup.Catalina load
INFO: Initialization processed in 871 ms
Jul 7, 2015 8:36:11 PM org.apache.catalina.core.StandardService start
INFO: Starting service Catalina
Jul 7, 2015 8:36:11 PM org.apache.catalina.core.StandardEngine start
INFO: Starting Servlet Engine: Apache Tomcat/6.0.44
Jul 7, 2015 8:36:11 PM org.apache.catalina.startup.HostConfig deployDescriptor
INFO: Deploying configuration descriptor host-manager.xml
Jul 7, 2015 8:36:12 PM org.apache.catalina.startup.HostConfig deployDescriptor
INFO: Deploying configuration descriptor manager.xml
Jul 7, 2015 8:36:12 PM org.apache.catalina.startup.HostConfig deployDescriptor
INFO: Deploying configuration descriptor solr.xml
Jul 7, 2015 8:36:12 PM org.apache.catalina.startup.HostConfig deployDescriptor
WARNING: A docBase /Users/spridera/Documents/code/travisCiFromGithub/ciTest/apache-tomcat.6.0.44/webapps/solr-4.7.2.war inside the host appBase has been specified, and will be ignored
Jul 7, 2015 8:36:12 PM org.apache.catalina.core.StandardContext resourcesStart
SEVERE: Error starting static Resources
java.lang.IllegalArgumentException: Document base /Users/spridera/Documents/code/travisCiFromGithub/ciTest/apache-tomcat.6.0.44/webapps/solr does not exist or is not a readable directory
	at org.apache.naming.resources.FileDirContext.setDocBase(FileDirContext.java:142)
	at org.apache.catalina.core.StandardContext.resourcesStart(StandardContext.java:4324)
	at org.apache.catalina.core.StandardContext.start(StandardContext.java:4493)
	at org.apache.catalina.core.ContainerBase.addChildInternal(ContainerBase.java:802)
	at org.apache.catalina.core.ContainerBase.addChild(ContainerBase.java:779)
	at org.apache.catalina.core.StandardHost.addChild(StandardHost.java:583)
	at org.apache.catalina.startup.HostConfig.deployDescriptor(HostConfig.java:676)
	at org.apache.catalina.startup.HostConfig.deployDescriptors(HostConfig.java:602)
	at org.apache.catalina.startup.HostConfig.deployApps(HostConfig.java:503)
	at org.apache.catalina.startup.HostConfig.start(HostConfig.java:1322)
	at org.apache.catalina.startup.HostConfig.lifecycleEvent(HostConfig.java:325)
	at org.apache.catalina.util.LifecycleSupport.fireLifecycleEvent(LifecycleSupport.java:142)
	at org.apache.catalina.core.ContainerBase.start(ContainerBase.java:1068)
	at org.apache.catalina.core.StandardHost.start(StandardHost.java:822)
	at org.apache.catalina.core.ContainerBase.start(ContainerBase.java:1060)
	at org.apache.catalina.core.StandardEngine.start(StandardEngine.java:463)
	at org.apache.catalina.core.StandardService.start(StandardService.java:525)
	at org.apache.catalina.core.StandardServer.start(StandardServer.java:759)
	at org.apache.catalina.startup.Catalina.start(Catalina.java:595)
	at sun.reflect.NativeMethodAccessorImpl.invoke0(Native Method)
	at sun.reflect.NativeMethodAccessorImpl.invoke(NativeMethodAccessorImpl.java:39)
	at sun.reflect.DelegatingMethodAccessorImpl.invoke(DelegatingMethodAccessorImpl.java:25)
	at java.lang.reflect.Method.invoke(Method.java:597)
	at org.apache.catalina.startup.Bootstrap.start(Bootstrap.java:289)
	at org.apache.catalina.startup.Bootstrap.main(Bootstrap.java:414)
Jul 7, 2015 8:36:12 PM org.apache.catalina.core.StandardContext start
SEVERE: Error in resourceStart()
Jul 7, 2015 8:36:12 PM org.apache.catalina.core.StandardContext start
SEVERE: Error getConfigured
Jul 7, 2015 8:36:12 PM org.apache.catalina.core.StandardContext start
SEVERE: Context [/solr] startup failed due to previous errors
Jul 7, 2015 8:36:12 PM org.apache.catalina.core.StandardContext stop
INFO: Container org.apache.catalina.core.ContainerBase.[Catalina].[localhost].[/solr] has not been started
Jul 7, 2015 8:36:12 PM org.apache.catalina.startup.HostConfig deployWAR
INFO: Deploying web application archive solr-4.7.2.war
Jul 7, 2015 8:36:14 PM org.apache.catalina.startup.HostConfig deployDirectory
INFO: Deploying web application directory docs
Jul 7, 2015 8:36:14 PM org.apache.catalina.startup.HostConfig deployDirectory
INFO: Deploying web application directory examples
Jul 7, 2015 8:36:14 PM org.apache.catalina.startup.HostConfig deployDirectory
INFO: Deploying web application directory orig_ROOT
Jul 7, 2015 8:36:15 PM org.apache.catalina.startup.HostConfig deployDirectory
INFO: Deploying web application directory ROOT
Jul 7, 2015 8:36:15 PM org.apache.catalina.loader.WebappClassLoader validateJarFile
INFO: validateJarFile(/Users/spridera/Documents/code/travisCiFromGithub/ciTest/apache-tomcat.6.0.44/webapps/ROOT/WEB-INF/lib/servlet-api.jar) - jar not loaded. See Servlet Spec 2.3, section 9.7.2. Offending class: javax/servlet/Servlet.class
Jul 7, 2015 8:36:15 PM org.apache.coyote.http11.Http11Protocol start
INFO: Starting Coyote HTTP/1.1 on http-30080
Jul 7, 2015 8:36:15 PM org.apache.jk.common.ChannelSocket init
INFO: JK: ajp13 listening on /0.0.0.0:30009
Jul 7, 2015 8:36:15 PM org.apache.jk.server.JkMain start
INFO: Jk running ID=0 time=1/42  config=null
Jul 7, 2015 8:36:15 PM org.apache.catalina.startup.Catalina start
INFO: Server startup in 3751 ms
Jul 7, 2015 8:37:47 PM org.apache.coyote.http11.Http11Protocol pause
INFO: Pausing Coyote HTTP/1.1 on http-30080
Jul 7, 2015 8:37:48 PM org.apache.catalina.core.StandardService stop
INFO: Stopping service Catalina
Jul 7, 2015 8:37:49 PM org.apache.coyote.http11.Http11Protocol destroy
INFO: Stopping Coyote HTTP/1.1 on http-30080
Jul 7, 2015 8:37:54 PM org.apache.catalina.core.AprLifecycleListener init
INFO: The APR based Apache Tomcat Native library which allows optimal performance in production environments was not found on the java.library.path: .:/Library/Java/Extensions:/System/Library/Java/Extensions:/usr/lib/java
Jul 7, 2015 8:37:54 PM org.apache.coyote.http11.Http11Protocol init
INFO: Initializing Coyote HTTP/1.1 on http-30080
Jul 7, 2015 8:37:54 PM org.apache.catalina.startup.Catalina load
INFO: Initialization processed in 986 ms
Jul 7, 2015 8:37:54 PM org.apache.catalina.core.StandardService start
INFO: Starting service Catalina
Jul 7, 2015 8:37:54 PM org.apache.catalina.core.StandardEngine start
INFO: Starting Servlet Engine: Apache Tomcat/6.0.44
Jul 7, 2015 8:37:54 PM org.apache.catalina.startup.HostConfig deployDescriptor
INFO: Deploying configuration descriptor host-manager.xml
Jul 7, 2015 8:37:55 PM org.apache.catalina.startup.HostConfig deployDescriptor
INFO: Deploying configuration descriptor manager.xml
Jul 7, 2015 8:37:55 PM org.apache.catalina.startup.HostConfig deployDescriptor
INFO: Deploying configuration descriptor solr.xml
Jul 7, 2015 8:37:55 PM org.apache.catalina.startup.HostConfig deployDescriptor
WARNING: A docBase /Users/spridera/Documents/code/travisCiFromGithub/ciTest/apache-tomcat.6.0.44/webapps/solr-4.7.2.war inside the host appBase has been specified, and will be ignored
Jul 7, 2015 8:37:55 PM org.apache.catalina.core.StandardContext resourcesStart
SEVERE: Error starting static Resources
java.lang.IllegalArgumentException: Document base /Users/spridera/Documents/code/travisCiFromGithub/ciTest/apache-tomcat.6.0.44/webapps/solr does not exist or is not a readable directory
	at org.apache.naming.resources.FileDirContext.setDocBase(FileDirContext.java:142)
	at org.apache.catalina.core.StandardContext.resourcesStart(StandardContext.java:4324)
	at org.apache.catalina.core.StandardContext.start(StandardContext.java:4493)
	at org.apache.catalina.core.ContainerBase.addChildInternal(ContainerBase.java:802)
	at org.apache.catalina.core.ContainerBase.addChild(ContainerBase.java:779)
	at org.apache.catalina.core.StandardHost.addChild(StandardHost.java:583)
	at org.apache.catalina.startup.HostConfig.deployDescriptor(HostConfig.java:676)
	at org.apache.catalina.startup.HostConfig.deployDescriptors(HostConfig.java:602)
	at org.apache.catalina.startup.HostConfig.deployApps(HostConfig.java:503)
	at org.apache.catalina.startup.HostConfig.start(HostConfig.java:1322)
	at org.apache.catalina.startup.HostConfig.lifecycleEvent(HostConfig.java:325)
	at org.apache.catalina.util.LifecycleSupport.fireLifecycleEvent(LifecycleSupport.java:142)
	at org.apache.catalina.core.ContainerBase.start(ContainerBase.java:1068)
	at org.apache.catalina.core.StandardHost.start(StandardHost.java:822)
	at org.apache.catalina.core.ContainerBase.start(ContainerBase.java:1060)
	at org.apache.catalina.core.StandardEngine.start(StandardEngine.java:463)
	at org.apache.catalina.core.StandardService.start(StandardService.java:525)
	at org.apache.catalina.core.StandardServer.start(StandardServer.java:759)
	at org.apache.catalina.startup.Catalina.start(Catalina.java:595)
	at sun.reflect.NativeMethodAccessorImpl.invoke0(Native Method)
	at sun.reflect.NativeMethodAccessorImpl.invoke(NativeMethodAccessorImpl.java:39)
	at sun.reflect.DelegatingMethodAccessorImpl.invoke(DelegatingMethodAccessorImpl.java:25)
	at java.lang.reflect.Method.invoke(Method.java:597)
	at org.apache.catalina.startup.Bootstrap.start(Bootstrap.java:289)
	at org.apache.catalina.startup.Bootstrap.main(Bootstrap.java:414)
Jul 7, 2015 8:37:55 PM org.apache.catalina.core.StandardContext start
SEVERE: Error in resourceStart()
Jul 7, 2015 8:37:55 PM org.apache.catalina.core.StandardContext start
SEVERE: Error getConfigured
Jul 7, 2015 8:37:55 PM org.apache.catalina.core.StandardContext start
SEVERE: Context [/solr] startup failed due to previous errors
Jul 7, 2015 8:37:55 PM org.apache.catalina.core.StandardContext stop
INFO: Container org.apache.catalina.core.ContainerBase.[Catalina].[localhost].[/solr] has not been started
Jul 7, 2015 8:37:55 PM org.apache.catalina.startup.HostConfig deployWAR
INFO: Deploying web application archive solr-4.7.2.war
Jul 7, 2015 8:38:02 PM org.apache.catalina.startup.HostConfig deployDirectory
INFO: Deploying web application directory docs
Jul 7, 2015 8:38:02 PM org.apache.catalina.startup.HostConfig deployDirectory
INFO: Deploying web application directory examples
Jul 7, 2015 8:38:02 PM org.apache.catalina.startup.HostConfig deployDirectory
INFO: Deploying web application directory orig_ROOT
Jul 7, 2015 8:38:03 PM org.apache.catalina.startup.HostConfig deployDirectory
INFO: Deploying web application directory ROOT
Jul 7, 2015 8:38:03 PM org.apache.catalina.loader.WebappClassLoader validateJarFile
INFO: validateJarFile(/Users/spridera/Documents/code/travisCiFromGithub/ciTest/apache-tomcat.6.0.44/webapps/ROOT/WEB-INF/lib/servlet-api.jar) - jar not loaded. See Servlet Spec 2.3, section 9.7.2. Offending class: javax/servlet/Servlet.class
Jul 7, 2015 8:38:03 PM org.apache.coyote.http11.Http11Protocol start
INFO: Starting Coyote HTTP/1.1 on http-30080
Jul 7, 2015 8:38:03 PM org.apache.jk.common.ChannelSocket init
INFO: JK: ajp13 listening on /0.0.0.0:30009
Jul 7, 2015 8:38:03 PM org.apache.jk.server.JkMain start
INFO: Jk running ID=0 time=0/48  config=null
Jul 7, 2015 8:38:03 PM org.apache.catalina.startup.Catalina start
INFO: Server startup in 8913 ms
Jul 7, 2015 8:39:27 PM org.apache.catalina.startup.HostConfig checkResources
INFO: Undeploying context [/solr]
Jul 7, 2015 8:39:27 PM org.apache.catalina.startup.HostConfig deployDescriptor
INFO: Deploying configuration descriptor solr.xml
Jul 7, 2015 8:39:27 PM org.apache.catalina.startup.HostConfig deployDescriptor
WARNING: A docBase /Users/spridera/Documents/code/travisCiFromGithub/ciTest/apache-tomcat.6.0.44/webapps/solr-4.7.2.war inside the host appBase has been specified, and will be ignored
Jul 7, 2015 8:39:27 PM org.apache.catalina.core.StandardContext resourcesStart
SEVERE: Error starting static Resources
java.lang.IllegalArgumentException: Document base /Users/spridera/Documents/code/travisCiFromGithub/ciTest/apache-tomcat.6.0.44/webapps/solr does not exist or is not a readable directory
	at org.apache.naming.resources.FileDirContext.setDocBase(FileDirContext.java:142)
	at org.apache.catalina.core.StandardContext.resourcesStart(StandardContext.java:4324)
	at org.apache.catalina.core.StandardContext.start(StandardContext.java:4493)
	at org.apache.catalina.core.ContainerBase.addChildInternal(ContainerBase.java:802)
	at org.apache.catalina.core.ContainerBase.addChild(ContainerBase.java:779)
	at org.apache.catalina.core.StandardHost.addChild(StandardHost.java:583)
	at org.apache.catalina.startup.HostConfig.deployDescriptor(HostConfig.java:676)
	at org.apache.catalina.startup.HostConfig.deployDescriptors(HostConfig.java:602)
	at org.apache.catalina.startup.HostConfig.deployApps(HostConfig.java:503)
	at org.apache.catalina.startup.HostConfig.check(HostConfig.java:1388)
	at org.apache.catalina.startup.HostConfig.lifecycleEvent(HostConfig.java:307)
	at org.apache.catalina.util.LifecycleSupport.fireLifecycleEvent(LifecycleSupport.java:142)
	at org.apache.catalina.core.ContainerBase.backgroundProcess(ContainerBase.java:1392)
	at org.apache.catalina.core.ContainerBase$ContainerBackgroundProcessor.processChildren(ContainerBase.java:1656)
	at org.apache.catalina.core.ContainerBase$ContainerBackgroundProcessor.processChildren(ContainerBase.java:1665)
	at org.apache.catalina.core.ContainerBase$ContainerBackgroundProcessor.run(ContainerBase.java:1645)
	at java.lang.Thread.run(Thread.java:695)
Jul 7, 2015 8:39:27 PM org.apache.catalina.core.StandardContext start
SEVERE: Error in resourceStart()
Jul 7, 2015 8:39:27 PM org.apache.catalina.core.StandardContext start
SEVERE: Error getConfigured
Jul 7, 2015 8:39:27 PM org.apache.catalina.core.StandardContext start
SEVERE: Context [/solr] startup failed due to previous errors
Jul 7, 2015 8:39:27 PM org.apache.catalina.core.StandardContext stop
INFO: Container org.apache.catalina.core.ContainerBase.[Catalina].[localhost].[/solr] has not been started
Jul 7, 2015 8:48:42 PM org.apache.coyote.http11.Http11Protocol pause
INFO: Pausing Coyote HTTP/1.1 on http-30080
Jul 7, 2015 8:48:43 PM org.apache.catalina.core.StandardService stop
INFO: Stopping service Catalina
Jul 7, 2015 8:48:44 PM org.apache.catalina.loader.WebappClassLoader checkThreadLocalMapForLeaks
SEVERE: The web application [/solr-4.7.2] created a ThreadLocal with key of type [org.apache.solr.schema.DateField.ThreadLocalDateFormat] (value [org.apache.solr.schema.DateField$ThreadLocalDateFormat@118ee2ee]) and a value of type [org.apache.solr.schema.DateField.ISO8601CanonicalDateFormat] (value [org.apache.solr.schema.DateField$ISO8601CanonicalDateFormat@6b2ed43a]) but failed to remove it when the web application was stopped. This is very likely to create a memory leak.
Jul 7, 2015 8:48:44 PM org.apache.catalina.loader.WebappClassLoader checkThreadLocalMapForLeaks
SEVERE: The web application [/solr-4.7.2] created a ThreadLocal with key of type [org.apache.solr.schema.DateField.ThreadLocalDateFormat] (value [org.apache.solr.schema.DateField$ThreadLocalDateFormat@118ee2ee]) and a value of type [org.apache.solr.schema.DateField.ISO8601CanonicalDateFormat] (value [org.apache.solr.schema.DateField$ISO8601CanonicalDateFormat@6b2ed43a]) but failed to remove it when the web application was stopped. This is very likely to create a memory leak.
Jul 7, 2015 8:48:44 PM org.apache.catalina.loader.WebappClassLoader checkThreadLocalMapForLeaks
SEVERE: The web application [/solr-4.7.2] created a ThreadLocal with key of type [org.apache.solr.schema.DateField.ThreadLocalDateFormat] (value [org.apache.solr.schema.DateField$ThreadLocalDateFormat@118ee2ee]) and a value of type [org.apache.solr.schema.DateField.ISO8601CanonicalDateFormat] (value [org.apache.solr.schema.DateField$ISO8601CanonicalDateFormat@6b2ed43a]) but failed to remove it when the web application was stopped. This is very likely to create a memory leak.
Jul 7, 2015 8:48:44 PM org.apache.catalina.loader.WebappClassLoader checkThreadLocalMapForLeaks
SEVERE: The web application [/solr-4.7.2] created a ThreadLocal with key of type [org.apache.solr.schema.DateField.ThreadLocalDateFormat] (value [org.apache.solr.schema.DateField$ThreadLocalDateFormat@118ee2ee]) and a value of type [org.apache.solr.schema.DateField.ISO8601CanonicalDateFormat] (value [org.apache.solr.schema.DateField$ISO8601CanonicalDateFormat@6b2ed43a]) but failed to remove it when the web application was stopped. This is very likely to create a memory leak.
Jul 7, 2015 8:48:44 PM org.apache.catalina.loader.WebappClassLoader checkThreadLocalMapForLeaks
SEVERE: The web application [/solr-4.7.2] created a ThreadLocal with key of type [org.apache.solr.schema.DateField.ThreadLocalDateFormat] (value [org.apache.solr.schema.DateField$ThreadLocalDateFormat@118ee2ee]) and a value of type [org.apache.solr.schema.DateField.ISO8601CanonicalDateFormat] (value [org.apache.solr.schema.DateField$ISO8601CanonicalDateFormat@6b2ed43a]) but failed to remove it when the web application was stopped. This is very likely to create a memory leak.
Jul 7, 2015 8:48:46 PM org.apache.coyote.http11.Http11Protocol destroy
INFO: Stopping Coyote HTTP/1.1 on http-30080
Jul 7, 2015 8:48:50 PM org.apache.catalina.core.AprLifecycleListener init
INFO: The APR based Apache Tomcat Native library which allows optimal performance in production environments was not found on the java.library.path: .:/Library/Java/Extensions:/System/Library/Java/Extensions:/usr/lib/java
Jul 7, 2015 8:48:50 PM org.apache.coyote.http11.Http11Protocol init
INFO: Initializing Coyote HTTP/1.1 on http-30080
Jul 7, 2015 8:48:50 PM org.apache.catalina.startup.Catalina load
INFO: Initialization processed in 1021 ms
Jul 7, 2015 8:48:50 PM org.apache.catalina.core.StandardService start
INFO: Starting service Catalina
Jul 7, 2015 8:48:50 PM org.apache.catalina.core.StandardEngine start
INFO: Starting Servlet Engine: Apache Tomcat/6.0.44
Jul 7, 2015 8:48:50 PM org.apache.catalina.startup.HostConfig deployDescriptor
INFO: Deploying configuration descriptor host-manager.xml
Jul 7, 2015 8:48:51 PM org.apache.catalina.startup.HostConfig deployDescriptor
INFO: Deploying configuration descriptor manager.xml
Jul 7, 2015 8:48:51 PM org.apache.catalina.startup.HostConfig deployDescriptor
INFO: Deploying configuration descriptor solr.xml
Jul 7, 2015 8:48:51 PM org.apache.catalina.startup.HostConfig deployDescriptor
WARNING: A docBase /Users/spridera/Documents/code/travisCiFromGithub/ciTest/apache-tomcat.6.0.44/webapps/solr-4.7.2.war inside the host appBase has been specified, and will be ignored
Jul 7, 2015 8:48:51 PM org.apache.catalina.core.StandardContext resourcesStart
SEVERE: Error starting static Resources
java.lang.IllegalArgumentException: Document base /Users/spridera/Documents/code/travisCiFromGithub/ciTest/apache-tomcat.6.0.44/webapps/solr does not exist or is not a readable directory
	at org.apache.naming.resources.FileDirContext.setDocBase(FileDirContext.java:142)
	at org.apache.catalina.core.StandardContext.resourcesStart(StandardContext.java:4324)
	at org.apache.catalina.core.StandardContext.start(StandardContext.java:4493)
	at org.apache.catalina.core.ContainerBase.addChildInternal(ContainerBase.java:802)
	at org.apache.catalina.core.ContainerBase.addChild(ContainerBase.java:779)
	at org.apache.catalina.core.StandardHost.addChild(StandardHost.java:583)
	at org.apache.catalina.startup.HostConfig.deployDescriptor(HostConfig.java:676)
	at org.apache.catalina.startup.HostConfig.deployDescriptors(HostConfig.java:602)
	at org.apache.catalina.startup.HostConfig.deployApps(HostConfig.java:503)
	at org.apache.catalina.startup.HostConfig.start(HostConfig.java:1322)
	at org.apache.catalina.startup.HostConfig.lifecycleEvent(HostConfig.java:325)
	at org.apache.catalina.util.LifecycleSupport.fireLifecycleEvent(LifecycleSupport.java:142)
	at org.apache.catalina.core.ContainerBase.start(ContainerBase.java:1068)
	at org.apache.catalina.core.StandardHost.start(StandardHost.java:822)
	at org.apache.catalina.core.ContainerBase.start(ContainerBase.java:1060)
	at org.apache.catalina.core.StandardEngine.start(StandardEngine.java:463)
	at org.apache.catalina.core.StandardService.start(StandardService.java:525)
	at org.apache.catalina.core.StandardServer.start(StandardServer.java:759)
	at org.apache.catalina.startup.Catalina.start(Catalina.java:595)
	at sun.reflect.NativeMethodAccessorImpl.invoke0(Native Method)
	at sun.reflect.NativeMethodAccessorImpl.invoke(NativeMethodAccessorImpl.java:39)
	at sun.reflect.DelegatingMethodAccessorImpl.invoke(DelegatingMethodAccessorImpl.java:25)
	at java.lang.reflect.Method.invoke(Method.java:597)
	at org.apache.catalina.startup.Bootstrap.start(Bootstrap.java:289)
	at org.apache.catalina.startup.Bootstrap.main(Bootstrap.java:414)
Jul 7, 2015 8:48:51 PM org.apache.catalina.core.StandardContext start
SEVERE: Error in resourceStart()
Jul 7, 2015 8:48:51 PM org.apache.catalina.core.StandardContext start
SEVERE: Error getConfigured
Jul 7, 2015 8:48:51 PM org.apache.catalina.core.StandardContext start
SEVERE: Context [/solr] startup failed due to previous errors
Jul 7, 2015 8:48:51 PM org.apache.catalina.core.StandardContext stop
INFO: Container org.apache.catalina.core.ContainerBase.[Catalina].[localhost].[/solr] has not been started
Jul 7, 2015 8:48:51 PM org.apache.catalina.startup.HostConfig deployWAR
INFO: Deploying web application archive solr-4.7.2.war
Jul 7, 2015 8:48:58 PM org.apache.catalina.startup.HostConfig deployDirectory
INFO: Deploying web application directory docs
Jul 7, 2015 8:48:59 PM org.apache.catalina.startup.HostConfig deployDirectory
INFO: Deploying web application directory examples
Jul 7, 2015 8:48:59 PM org.apache.catalina.startup.HostConfig deployDirectory
INFO: Deploying web application directory orig_ROOT
Jul 7, 2015 8:48:59 PM org.apache.catalina.startup.HostConfig deployDirectory
INFO: Deploying web application directory ROOT
Jul 7, 2015 8:48:59 PM org.apache.catalina.loader.WebappClassLoader validateJarFile
INFO: validateJarFile(/Users/spridera/Documents/code/travisCiFromGithub/ciTest/apache-tomcat.6.0.44/webapps/ROOT/WEB-INF/lib/servlet-api.jar) - jar not loaded. See Servlet Spec 2.3, section 9.7.2. Offending class: javax/servlet/Servlet.class
Jul 7, 2015 8:48:59 PM org.apache.coyote.http11.Http11Protocol start
INFO: Starting Coyote HTTP/1.1 on http-30080
Jul 7, 2015 8:48:59 PM org.apache.jk.common.ChannelSocket init
INFO: JK: ajp13 listening on /0.0.0.0:30009
Jul 7, 2015 8:48:59 PM org.apache.jk.server.JkMain start
INFO: Jk running ID=0 time=0/47  config=null
Jul 7, 2015 8:48:59 PM org.apache.catalina.startup.Catalina start
INFO: Server startup in 9060 ms
Jul 7, 2015 8:52:09 PM org.apache.catalina.startup.HostConfig checkResources
INFO: Undeploying context [/solr-4.7.2]
Jul 7, 2015 8:52:10 PM org.apache.catalina.loader.WebappClassLoader checkThreadLocalMapForLeaks
SEVERE: The web application [/solr-4.7.2] created a ThreadLocal with key of type [org.apache.solr.schema.DateField.ThreadLocalDateFormat] (value [org.apache.solr.schema.DateField$ThreadLocalDateFormat@111f2041]) and a value of type [org.apache.solr.schema.DateField.ISO8601CanonicalDateFormat] (value [org.apache.solr.schema.DateField$ISO8601CanonicalDateFormat@6b2ed43a]) but failed to remove it when the web application was stopped. This is very likely to create a memory leak.
Jul 7, 2015 8:52:11 PM org.apache.catalina.startup.HostConfig deployWAR
INFO: Deploying web application archive solr-4.7.2.war
Jul 7, 2015 8:52:25 PM org.apache.coyote.http11.Http11Protocol pause
INFO: Pausing Coyote HTTP/1.1 on http-30080
Jul 7, 2015 8:52:26 PM org.apache.catalina.core.StandardService stop
INFO: Stopping service Catalina
Jul 7, 2015 8:52:28 PM org.apache.coyote.http11.Http11Protocol destroy
INFO: Stopping Coyote HTTP/1.1 on http-30080
Jul 7, 2015 8:55:29 PM org.apache.catalina.core.AprLifecycleListener init
INFO: The APR based Apache Tomcat Native library which allows optimal performance in production environments was not found on the java.library.path: .:/Library/Java/Extensions:/System/Library/Java/Extensions:/usr/lib/java
Jul 7, 2015 8:55:30 PM org.apache.coyote.http11.Http11Protocol init
INFO: Initializing Coyote HTTP/1.1 on http-30080
Jul 7, 2015 8:55:30 PM org.apache.catalina.startup.Catalina load
INFO: Initialization processed in 1122 ms
Jul 7, 2015 8:55:30 PM org.apache.catalina.core.StandardService start
INFO: Starting service Catalina
Jul 7, 2015 8:55:30 PM org.apache.catalina.core.StandardEngine start
INFO: Starting Servlet Engine: Apache Tomcat/6.0.44
Jul 7, 2015 8:55:30 PM org.apache.catalina.startup.HostConfig deployDescriptor
INFO: Deploying configuration descriptor host-manager.xml
Jul 7, 2015 8:55:31 PM org.apache.catalina.startup.HostConfig deployDescriptor
INFO: Deploying configuration descriptor manager.xml
Jul 7, 2015 8:55:31 PM org.apache.catalina.startup.HostConfig deployDescriptor
INFO: Deploying configuration descriptor solr_example.xml
Jul 7, 2015 8:55:37 PM org.apache.catalina.startup.HostConfig deployWAR
INFO: Deploying web application archive solr-4.7.2.war
Jul 7, 2015 8:55:39 PM org.apache.catalina.startup.HostConfig deployDirectory
INFO: Deploying web application directory docs
Jul 7, 2015 8:55:39 PM org.apache.catalina.startup.HostConfig deployDirectory
INFO: Deploying web application directory examples
Jul 7, 2015 8:55:40 PM org.apache.catalina.startup.HostConfig deployDirectory
INFO: Deploying web application directory orig_ROOT
Jul 7, 2015 8:55:40 PM org.apache.catalina.startup.HostConfig deployDirectory
INFO: Deploying web application directory ROOT
Jul 7, 2015 8:55:40 PM org.apache.catalina.loader.WebappClassLoader validateJarFile
INFO: validateJarFile(/Users/spridera/Documents/code/travisCiFromGithub/ciTest/apache-tomcat.6.0.44/webapps/ROOT/WEB-INF/lib/servlet-api.jar) - jar not loaded. See Servlet Spec 2.3, section 9.7.2. Offending class: javax/servlet/Servlet.class
Jul 7, 2015 8:55:40 PM org.apache.coyote.http11.Http11Protocol start
INFO: Starting Coyote HTTP/1.1 on http-30080
Jul 7, 2015 8:55:40 PM org.apache.jk.common.ChannelSocket init
INFO: JK: ajp13 listening on /0.0.0.0:30009
Jul 7, 2015 8:55:40 PM org.apache.jk.server.JkMain start
INFO: Jk running ID=0 time=0/36  config=null
Jul 7, 2015 8:55:40 PM org.apache.catalina.startup.Catalina start
INFO: Server startup in 10436 ms
Jul 7, 2015 9:20:38 PM org.apache.coyote.http11.Http11Protocol pause
INFO: Pausing Coyote HTTP/1.1 on http-30080
Jul 7, 2015 9:20:39 PM org.apache.catalina.core.StandardService stop
INFO: Stopping service Catalina
Jul 7, 2015 9:20:42 PM org.apache.catalina.loader.WebappClassLoader checkThreadLocalMapForLeaks
SEVERE: The web application [/solr_example] created a ThreadLocal with key of type [org.apache.solr.schema.DateField.ThreadLocalDateFormat] (value [org.apache.solr.schema.DateField$ThreadLocalDateFormat@f4e6d]) and a value of type [org.apache.solr.schema.DateField.ISO8601CanonicalDateFormat] (value [org.apache.solr.schema.DateField$ISO8601CanonicalDateFormat@6b2ed43a]) but failed to remove it when the web application was stopped. This is very likely to create a memory leak.
Jul 7, 2015 9:20:42 PM org.apache.catalina.loader.WebappClassLoader checkThreadLocalMapForLeaks
SEVERE: The web application [/solr_example] created a ThreadLocal with key of type [org.apache.solr.schema.DateField.ThreadLocalDateFormat] (value [org.apache.solr.schema.DateField$ThreadLocalDateFormat@f4e6d]) and a value of type [org.apache.solr.schema.DateField.ISO8601CanonicalDateFormat] (value [org.apache.solr.schema.DateField$ISO8601CanonicalDateFormat@6b2ed43a]) but failed to remove it when the web application was stopped. This is very likely to create a memory leak.
Jul 7, 2015 9:20:42 PM org.apache.catalina.loader.WebappClassLoader checkThreadLocalMapForLeaks
SEVERE: The web application [/solr_example] created a ThreadLocal with key of type [org.apache.solr.schema.DateField.ThreadLocalDateFormat] (value [org.apache.solr.schema.DateField$ThreadLocalDateFormat@f4e6d]) and a value of type [org.apache.solr.schema.DateField.ISO8601CanonicalDateFormat] (value [org.apache.solr.schema.DateField$ISO8601CanonicalDateFormat@6b2ed43a]) but failed to remove it when the web application was stopped. This is very likely to create a memory leak.
Jul 7, 2015 9:20:42 PM org.apache.catalina.loader.WebappClassLoader checkThreadLocalMapForLeaks
SEVERE: The web application [/solr_example] created a ThreadLocal with key of type [org.apache.solr.schema.DateField.ThreadLocalDateFormat] (value [org.apache.solr.schema.DateField$ThreadLocalDateFormat@f4e6d]) and a value of type [org.apache.solr.schema.DateField.ISO8601CanonicalDateFormat] (value [org.apache.solr.schema.DateField$ISO8601CanonicalDateFormat@6b2ed43a]) but failed to remove it when the web application was stopped. This is very likely to create a memory leak.
Jul 7, 2015 9:20:42 PM org.apache.catalina.loader.WebappClassLoader checkThreadLocalMapForLeaks
SEVERE: The web application [/solr_example] created a ThreadLocal with key of type [org.apache.solr.schema.DateField.ThreadLocalDateFormat] (value [org.apache.solr.schema.DateField$ThreadLocalDateFormat@f4e6d]) and a value of type [org.apache.solr.schema.DateField.ISO8601CanonicalDateFormat] (value [org.apache.solr.schema.DateField$ISO8601CanonicalDateFormat@6b2ed43a]) but failed to remove it when the web application was stopped. This is very likely to create a memory leak.
Jul 7, 2015 9:20:44 PM org.apache.coyote.http11.Http11Protocol destroy
INFO: Stopping Coyote HTTP/1.1 on http-30080
Jul 7, 2015 9:21:56 PM org.apache.catalina.core.AprLifecycleListener init
INFO: The APR based Apache Tomcat Native library which allows optimal performance in production environments was not found on the java.library.path: .:/Library/Java/Extensions:/System/Library/Java/Extensions:/usr/lib/java
Jul 7, 2015 9:21:57 PM org.apache.coyote.http11.Http11Protocol init
INFO: Initializing Coyote HTTP/1.1 on http-30080
Jul 7, 2015 9:21:57 PM org.apache.catalina.startup.Catalina load
INFO: Initialization processed in 893 ms
Jul 7, 2015 9:21:57 PM org.apache.catalina.core.StandardService start
INFO: Starting service Catalina
Jul 7, 2015 9:21:57 PM org.apache.catalina.core.StandardEngine start
INFO: Starting Servlet Engine: Apache Tomcat/6.0.44
Jul 7, 2015 9:21:57 PM org.apache.catalina.startup.HostConfig deployDescriptor
INFO: Deploying configuration descriptor host-manager.xml
Jul 7, 2015 9:21:57 PM org.apache.catalina.startup.HostConfig deployDescriptor
INFO: Deploying configuration descriptor manager.xml
Jul 7, 2015 9:21:57 PM org.apache.catalina.startup.HostConfig deployDescriptor
INFO: Deploying configuration descriptor solr_example.xml
Jul 7, 2015 9:22:02 PM org.apache.catalina.startup.HostConfig deployWAR
INFO: Deploying web application archive solr-4.7.2.war
Jul 7, 2015 9:22:04 PM org.apache.catalina.startup.HostConfig deployDirectory
INFO: Deploying web application directory docs
Jul 7, 2015 9:22:04 PM org.apache.catalina.startup.HostConfig deployDirectory
INFO: Deploying web application directory examples
Jul 7, 2015 9:22:04 PM org.apache.catalina.startup.HostConfig deployDirectory
INFO: Deploying web application directory orig_ROOT
Jul 7, 2015 9:22:04 PM org.apache.catalina.startup.HostConfig deployDirectory
INFO: Deploying web application directory ROOT
Jul 7, 2015 9:22:05 PM org.apache.catalina.loader.WebappClassLoader validateJarFile
INFO: validateJarFile(/Users/spridera/Documents/code/travisCiFromGithub/ciTest/apache-tomcat.6.0.44/webapps/ROOT/WEB-INF/lib/servlet-api.jar) - jar not loaded. See Servlet Spec 2.3, section 9.7.2. Offending class: javax/servlet/Servlet.class
Jul 7, 2015 9:22:05 PM org.apache.coyote.http11.Http11Protocol start
INFO: Starting Coyote HTTP/1.1 on http-30080
Jul 7, 2015 9:22:05 PM org.apache.jk.common.ChannelSocket init
INFO: JK: ajp13 listening on /0.0.0.0:30009
Jul 7, 2015 9:22:05 PM org.apache.jk.server.JkMain start
INFO: Jk running ID=0 time=1/65  config=null
Jul 7, 2015 9:22:05 PM org.apache.catalina.startup.Catalina start
INFO: Server startup in 8257 ms
Jul 7, 2015 9:24:32 PM org.apache.coyote.http11.Http11Protocol pause
INFO: Pausing Coyote HTTP/1.1 on http-30080
Jul 7, 2015 9:24:33 PM org.apache.catalina.core.StandardService stop
INFO: Stopping service Catalina
Jul 7, 2015 9:24:36 PM org.apache.coyote.http11.Http11Protocol destroy
INFO: Stopping Coyote HTTP/1.1 on http-30080
Jul 7, 2015 9:29:22 PM org.apache.catalina.core.AprLifecycleListener init
INFO: The APR based Apache Tomcat Native library which allows optimal performance in production environments was not found on the java.library.path: .:/Library/Java/Extensions:/System/Library/Java/Extensions:/usr/lib/java
Jul 7, 2015 9:29:22 PM org.apache.coyote.http11.Http11Protocol init
INFO: Initializing Coyote HTTP/1.1 on http-30080
Jul 7, 2015 9:29:22 PM org.apache.catalina.startup.Catalina load
INFO: Initialization processed in 826 ms
Jul 7, 2015 9:29:22 PM org.apache.catalina.core.StandardService start
INFO: Starting service Catalina
Jul 7, 2015 9:29:22 PM org.apache.catalina.core.StandardEngine start
INFO: Starting Servlet Engine: Apache Tomcat/6.0.44
Jul 7, 2015 9:29:22 PM org.apache.catalina.startup.HostConfig deployDescriptor
INFO: Deploying configuration descriptor host-manager.xml
Jul 7, 2015 9:29:23 PM org.apache.catalina.startup.HostConfig deployDescriptor
INFO: Deploying configuration descriptor manager.xml
Jul 7, 2015 9:29:23 PM org.apache.catalina.startup.HostConfig deployDescriptor
INFO: Deploying configuration descriptor solr_example.xml
Jul 7, 2015 9:29:26 PM org.apache.catalina.startup.HostConfig deployWAR
INFO: Deploying web application archive solr-4.7.2.war
Jul 7, 2015 9:29:28 PM org.apache.catalina.startup.HostConfig deployDirectory
INFO: Deploying web application directory docs
Jul 7, 2015 9:29:28 PM org.apache.catalina.startup.HostConfig deployDirectory
INFO: Deploying web application directory examples
Jul 7, 2015 9:29:28 PM org.apache.catalina.startup.HostConfig deployDirectory
INFO: Deploying web application directory orig_ROOT
Jul 7, 2015 9:29:28 PM org.apache.catalina.startup.HostConfig deployDirectory
INFO: Deploying web application directory ROOT
Jul 7, 2015 9:29:28 PM org.apache.catalina.loader.WebappClassLoader validateJarFile
INFO: validateJarFile(/Users/spridera/Documents/code/travisCiFromGithub/ciTest/apache-tomcat.6.0.44/webapps/ROOT/WEB-INF/lib/servlet-api.jar) - jar not loaded. See Servlet Spec 2.3, section 9.7.2. Offending class: javax/servlet/Servlet.class
Jul 7, 2015 9:29:29 PM org.apache.coyote.http11.Http11Protocol start
INFO: Starting Coyote HTTP/1.1 on http-30080
Jul 7, 2015 9:29:29 PM org.apache.jk.common.ChannelSocket init
INFO: JK: ajp13 listening on /0.0.0.0:30009
Jul 7, 2015 9:29:29 PM org.apache.jk.server.JkMain start
INFO: Jk running ID=0 time=0/38  config=null
Jul 7, 2015 9:29:29 PM org.apache.catalina.startup.Catalina start
INFO: Server startup in 6506 ms
Jul 7, 2015 9:32:50 PM org.apache.coyote.http11.Http11Protocol pause
INFO: Pausing Coyote HTTP/1.1 on http-30080
Jul 7, 2015 9:32:51 PM org.apache.catalina.core.StandardService stop
INFO: Stopping service Catalina
Jul 7, 2015 9:32:52 PM org.apache.catalina.loader.WebappClassLoader checkThreadLocalMapForLeaks
SEVERE: The web application [/solr_example] created a ThreadLocal with key of type [org.apache.solr.schema.DateField.ThreadLocalDateFormat] (value [org.apache.solr.schema.DateField$ThreadLocalDateFormat@4eb55c7f]) and a value of type [org.apache.solr.schema.DateField.ISO8601CanonicalDateFormat] (value [org.apache.solr.schema.DateField$ISO8601CanonicalDateFormat@6b2ed43a]) but failed to remove it when the web application was stopped. This is very likely to create a memory leak.
Jul 7, 2015 9:32:53 PM org.apache.coyote.http11.Http11Protocol destroy
INFO: Stopping Coyote HTTP/1.1 on http-30080
Jul 7, 2015 9:44:01 PM org.apache.catalina.core.AprLifecycleListener init
INFO: The APR based Apache Tomcat Native library which allows optimal performance in production environments was not found on the java.library.path: .:/Library/Java/Extensions:/System/Library/Java/Extensions:/usr/lib/java
Jul 7, 2015 9:44:01 PM org.apache.coyote.http11.Http11Protocol init
INFO: Initializing Coyote HTTP/1.1 on http-30080
Jul 7, 2015 9:44:01 PM org.apache.catalina.startup.Catalina load
INFO: Initialization processed in 854 ms
Jul 7, 2015 9:44:01 PM org.apache.catalina.core.StandardService start
INFO: Starting service Catalina
Jul 7, 2015 9:44:01 PM org.apache.catalina.core.StandardEngine start
INFO: Starting Servlet Engine: Apache Tomcat/6.0.44
Jul 7, 2015 9:44:01 PM org.apache.catalina.startup.HostConfig deployDescriptor
INFO: Deploying configuration descriptor host-manager.xml
Jul 7, 2015 9:44:02 PM org.apache.catalina.startup.HostConfig deployDescriptor
INFO: Deploying configuration descriptor manager.xml
Jul 7, 2015 9:44:02 PM org.apache.catalina.startup.HostConfig deployDescriptor
INFO: Deploying configuration descriptor solr_example.xml
Jul 7, 2015 9:44:07 PM org.apache.catalina.startup.HostConfig deployDirectory
INFO: Deploying web application directory docs
Jul 7, 2015 9:44:07 PM org.apache.catalina.startup.HostConfig deployDirectory
INFO: Deploying web application directory examples
Jul 7, 2015 9:44:07 PM org.apache.catalina.startup.HostConfig deployDirectory
INFO: Deploying web application directory orig_ROOT
Jul 7, 2015 9:44:08 PM org.apache.catalina.startup.HostConfig deployDirectory
INFO: Deploying web application directory ROOT
Jul 7, 2015 9:44:08 PM org.apache.catalina.loader.WebappClassLoader validateJarFile
INFO: validateJarFile(/Users/spridera/Documents/code/travisCiFromGithub/ciTest/apache-tomcat.6.0.44/webapps/ROOT/WEB-INF/lib/servlet-api.jar) - jar not loaded. See Servlet Spec 2.3, section 9.7.2. Offending class: javax/servlet/Servlet.class
Jul 7, 2015 9:44:08 PM org.apache.coyote.http11.Http11Protocol start
INFO: Starting Coyote HTTP/1.1 on http-30080
Jul 7, 2015 9:44:08 PM org.apache.jk.common.ChannelSocket init
INFO: JK: ajp13 listening on /0.0.0.0:30009
Jul 7, 2015 9:44:08 PM org.apache.jk.server.JkMain start
INFO: Jk running ID=0 time=0/41  config=null
Jul 7, 2015 9:44:08 PM org.apache.catalina.startup.Catalina start
INFO: Server startup in 6505 ms
Jul 7, 2015 9:44:47 PM org.apache.coyote.http11.Http11Protocol pause
INFO: Pausing Coyote HTTP/1.1 on http-30080
Jul 7, 2015 9:44:48 PM org.apache.catalina.core.StandardService stop
INFO: Stopping service Catalina
Jul 7, 2015 9:44:48 PM org.apache.catalina.loader.WebappClassLoader checkThreadLocalMapForLeaks
SEVERE: The web application [/solr_example] created a ThreadLocal with key of type [org.apache.solr.schema.DateField.ThreadLocalDateFormat] (value [org.apache.solr.schema.DateField$ThreadLocalDateFormat@1f98a654]) and a value of type [org.apache.solr.schema.DateField.ISO8601CanonicalDateFormat] (value [org.apache.solr.schema.DateField$ISO8601CanonicalDateFormat@6b2ed43a]) but failed to remove it when the web application was stopped. This is very likely to create a memory leak.
Jul 7, 2015 9:44:49 PM org.apache.coyote.http11.Http11Protocol destroy
INFO: Stopping Coyote HTTP/1.1 on http-30080
