Jul 7, 2015 8:09:13 PM org.apache.catalina.core.StandardContext filterStart
SEVERE: Exception starting filter SolrRequestFilter
java.lang.NoClassDefFoundError: Failed to initialize Apache Solr: Could not find necessary SLF4j logging jars. If using Jetty, the SLF4j logging jars need to go in the jetty lib/ext directory. For other containers, the corresponding directory should be used. For more information, see: http://wiki.apache.org/solr/SolrLogging
	at org.apache.solr.servlet.CheckLoggingConfiguration.check(CheckLoggingConfiguration.java:28)
	at org.apache.solr.servlet.BaseSolrFilter.<clinit>(BaseSolrFilter.java:31)
	at sun.reflect.NativeConstructorAccessorImpl.newInstance0(Native Method)
	at sun.reflect.NativeConstructorAccessorImpl.newInstance(NativeConstructorAccessorImpl.java:39)
	at sun.reflect.DelegatingConstructorAccessorImpl.newInstance(DelegatingConstructorAccessorImpl.java:27)
	at java.lang.reflect.Constructor.newInstance(Constructor.java:513)
	at java.lang.Class.newInstance0(Class.java:357)
	at java.lang.Class.newInstance(Class.java:310)
	at org.apache.catalina.core.ApplicationFilterConfig.getFilter(ApplicationFilterConfig.java:278)
	at org.apache.catalina.core.ApplicationFilterConfig.<init>(ApplicationFilterConfig.java:119)
	at org.apache.catalina.core.StandardContext.filterStart(StandardContext.java:4076)
	at org.apache.catalina.core.StandardContext.start(StandardContext.java:4730)
	at org.apache.catalina.core.ContainerBase.addChildInternal(ContainerBase.java:802)
	at org.apache.catalina.core.ContainerBase.addChild(ContainerBase.java:779)
	at org.apache.catalina.core.StandardHost.addChild(StandardHost.java:583)
	at org.apache.catalina.startup.HostConfig.deployWAR(HostConfig.java:944)
	at org.apache.catalina.startup.HostConfig.deployWARs(HostConfig.java:779)
	at org.apache.catalina.startup.HostConfig.deployApps(HostConfig.java:505)
	at org.apache.catalina.startup.HostConfig.start(HostConfig.java:1322)
	at org.apache.catalina.startup.HostConfig.lifecycleEvent(HostConfig.java:325)
	at org.apache.catalina.util.LifecycleSupport.fireLifecycleEvent(LifecycleSupport.java:142)
	at org.apache.catalina.core.ContainerBase.start(ContainerBase.java:1068)
	at org.apache.catalina.core.StandardHost.start(StandardHost.java:822)
	at org.apache.catalina.core.ContainerBase.start(ContainerBase.java:1060)
	at org.apache.catalina.core.StandardEngine.start(StandardEngine.java:463)
	at org.apache.catalina.core.StandardService.start(StandardService.java:525)
	at org.apache.catalina.core.StandardServer.start(StandardServer.java:759)
	at org.apache.catalina.startup.Catalina.start(Catalina.java:595)
	at sun.reflect.NativeMethodAccessorImpl.invoke0(Native Method)
	at sun.reflect.NativeMethodAccessorImpl.invoke(NativeMethodAccessorImpl.java:39)
	at sun.reflect.DelegatingMethodAccessorImpl.invoke(DelegatingMethodAccessorImpl.java:25)
	at java.lang.reflect.Method.invoke(Method.java:597)
	at org.apache.catalina.startup.Bootstrap.start(Bootstrap.java:289)
	at org.apache.catalina.startup.Bootstrap.main(Bootstrap.java:414)
Jul 7, 2015 8:09:13 PM org.apache.catalina.core.ApplicationContext log
INFO: ContextListener: contextInitialized()
Jul 7, 2015 8:09:13 PM org.apache.catalina.core.ApplicationContext log
INFO: SessionListener: contextInitialized()
Jul 7, 2015 8:09:13 PM org.apache.catalina.core.ApplicationContext log
INFO: ContextListener: attributeAdded('org.apache.catalina.Registry', 'org.apache.tomcat.util.modeler.Registry@2b784427')
Jul 7, 2015 8:09:13 PM org.apache.catalina.core.ApplicationContext log
INFO: ContextListener: attributeAdded('org.apache.catalina.MBeanServer', 'com.sun.jmx.mbeanserver.JmxMBeanServer@16aa37a6')
Jul 7, 2015 8:27:46 PM org.apache.catalina.core.ApplicationContext log
INFO: SessionListener: contextDestroyed()
Jul 7, 2015 8:27:46 PM org.apache.catalina.core.ApplicationContext log
INFO: ContextListener: contextDestroyed()
Jul 7, 2015 8:27:59 PM org.apache.catalina.core.ApplicationContext log
INFO: ContextListener: contextInitialized()
Jul 7, 2015 8:27:59 PM org.apache.catalina.core.ApplicationContext log
INFO: SessionListener: contextInitialized()
Jul 7, 2015 8:27:59 PM org.apache.catalina.core.ApplicationContext log
INFO: ContextListener: attributeAdded('org.apache.catalina.Registry', 'org.apache.tomcat.util.modeler.Registry@4a009ab0')
Jul 7, 2015 8:27:59 PM org.apache.catalina.core.ApplicationContext log
INFO: ContextListener: attributeAdded('org.apache.catalina.MBeanServer', 'com.sun.jmx.mbeanserver.JmxMBeanServer@244aeb52')
Jul 7, 2015 8:36:04 PM org.apache.catalina.core.ApplicationContext log
INFO: SessionListener: contextDestroyed()
Jul 7, 2015 8:36:05 PM org.apache.catalina.core.ApplicationContext log
INFO: ContextListener: contextDestroyed()
Jul 7, 2015 8:36:14 PM org.apache.catalina.core.ApplicationContext log
INFO: ContextListener: contextInitialized()
Jul 7, 2015 8:36:14 PM org.apache.catalina.core.ApplicationContext log
INFO: SessionListener: contextInitialized()
Jul 7, 2015 8:36:14 PM org.apache.catalina.core.ApplicationContext log
INFO: ContextListener: attributeAdded('org.apache.catalina.Registry', 'org.apache.tomcat.util.modeler.Registry@4e300429')
Jul 7, 2015 8:36:14 PM org.apache.catalina.core.ApplicationContext log
INFO: ContextListener: attributeAdded('org.apache.catalina.MBeanServer', 'com.sun.jmx.mbeanserver.JmxMBeanServer@244aeb52')
Jul 7, 2015 8:37:49 PM org.apache.catalina.core.ApplicationContext log
INFO: SessionListener: contextDestroyed()
Jul 7, 2015 8:37:49 PM org.apache.catalina.core.ApplicationContext log
INFO: ContextListener: contextDestroyed()
Jul 7, 2015 8:38:02 PM org.apache.catalina.core.ApplicationContext log
INFO: ContextListener: contextInitialized()
Jul 7, 2015 8:38:02 PM org.apache.catalina.core.ApplicationContext log
INFO: SessionListener: contextInitialized()
Jul 7, 2015 8:38:02 PM org.apache.catalina.core.ApplicationContext log
INFO: ContextListener: attributeAdded('org.apache.catalina.Registry', 'org.apache.tomcat.util.modeler.Registry@3ea763a')
Jul 7, 2015 8:38:02 PM org.apache.catalina.core.ApplicationContext log
INFO: ContextListener: attributeAdded('org.apache.catalina.MBeanServer', 'com.sun.jmx.mbeanserver.JmxMBeanServer@329f671b')
Jul 7, 2015 8:48:46 PM org.apache.catalina.core.ApplicationContext log
INFO: SessionListener: contextDestroyed()
Jul 7, 2015 8:48:46 PM org.apache.catalina.core.ApplicationContext log
INFO: ContextListener: contextDestroyed()
Jul 7, 2015 8:48:59 PM org.apache.catalina.core.ApplicationContext log
INFO: ContextListener: contextInitialized()
Jul 7, 2015 8:48:59 PM org.apache.catalina.core.ApplicationContext log
INFO: SessionListener: contextInitialized()
Jul 7, 2015 8:48:59 PM org.apache.catalina.core.ApplicationContext log
INFO: ContextListener: attributeAdded('org.apache.catalina.Registry', 'org.apache.tomcat.util.modeler.Registry@4d41fc8c')
Jul 7, 2015 8:48:59 PM org.apache.catalina.core.ApplicationContext log
INFO: ContextListener: attributeAdded('org.apache.catalina.MBeanServer', 'com.sun.jmx.mbeanserver.JmxMBeanServer@16a4e743')
Jul 7, 2015 8:52:28 PM org.apache.catalina.core.ApplicationContext log
INFO: SessionListener: contextDestroyed()
Jul 7, 2015 8:52:28 PM org.apache.catalina.core.ApplicationContext log
INFO: ContextListener: contextDestroyed()
Jul 7, 2015 8:55:40 PM org.apache.catalina.core.ApplicationContext log
INFO: ContextListener: contextInitialized()
Jul 7, 2015 8:55:40 PM org.apache.catalina.core.ApplicationContext log
INFO: SessionListener: contextInitialized()
Jul 7, 2015 8:55:40 PM org.apache.catalina.core.ApplicationContext log
INFO: ContextListener: attributeAdded('org.apache.catalina.Registry', 'org.apache.tomcat.util.modeler.Registry@20657c7b')
Jul 7, 2015 8:55:40 PM org.apache.catalina.core.ApplicationContext log
INFO: ContextListener: attributeAdded('org.apache.catalina.MBeanServer', 'com.sun.jmx.mbeanserver.JmxMBeanServer@244aeb52')
Jul 7, 2015 9:20:41 PM org.apache.catalina.core.ApplicationContext log
INFO: SessionListener: contextDestroyed()
Jul 7, 2015 9:20:41 PM org.apache.catalina.core.ApplicationContext log
INFO: ContextListener: contextDestroyed()
Jul 7, 2015 9:22:04 PM org.apache.catalina.core.ApplicationContext log
INFO: ContextListener: contextInitialized()
Jul 7, 2015 9:22:04 PM org.apache.catalina.core.ApplicationContext log
INFO: SessionListener: contextInitialized()
Jul 7, 2015 9:22:04 PM org.apache.catalina.core.ApplicationContext log
INFO: ContextListener: attributeAdded('org.apache.catalina.Registry', 'org.apache.tomcat.util.modeler.Registry@67635aad')
Jul 7, 2015 9:22:04 PM org.apache.catalina.core.ApplicationContext log
INFO: ContextListener: attributeAdded('org.apache.catalina.MBeanServer', 'com.sun.jmx.mbeanserver.JmxMBeanServer@16a4e743')
Jul 7, 2015 9:24:35 PM org.apache.catalina.core.ApplicationContext log
INFO: SessionListener: contextDestroyed()
Jul 7, 2015 9:24:35 PM org.apache.catalina.core.ApplicationContext log
INFO: ContextListener: contextDestroyed()
Jul 7, 2015 9:29:28 PM org.apache.catalina.core.ApplicationContext log
INFO: ContextListener: contextInitialized()
Jul 7, 2015 9:29:28 PM org.apache.catalina.core.ApplicationContext log
INFO: SessionListener: contextInitialized()
Jul 7, 2015 9:29:28 PM org.apache.catalina.core.ApplicationContext log
INFO: ContextListener: attributeAdded('org.apache.catalina.Registry', 'org.apache.tomcat.util.modeler.Registry@3cd713fe')
Jul 7, 2015 9:29:28 PM org.apache.catalina.core.ApplicationContext log
INFO: ContextListener: attributeAdded('org.apache.catalina.MBeanServer', 'com.sun.jmx.mbeanserver.JmxMBeanServer@329f671b')
Jul 7, 2015 9:32:52 PM org.apache.catalina.core.ApplicationContext log
INFO: SessionListener: contextDestroyed()
Jul 7, 2015 9:32:52 PM org.apache.catalina.core.ApplicationContext log
INFO: ContextListener: contextDestroyed()
Jul 7, 2015 9:44:07 PM org.apache.catalina.core.ApplicationContext log
INFO: ContextListener: contextInitialized()
Jul 7, 2015 9:44:07 PM org.apache.catalina.core.ApplicationContext log
INFO: SessionListener: contextInitialized()
Jul 7, 2015 9:44:07 PM org.apache.catalina.core.ApplicationContext log
INFO: ContextListener: attributeAdded('org.apache.catalina.Registry', 'org.apache.tomcat.util.modeler.Registry@273f212a')
Jul 7, 2015 9:44:07 PM org.apache.catalina.core.ApplicationContext log
INFO: ContextListener: attributeAdded('org.apache.catalina.MBeanServer', 'com.sun.jmx.mbeanserver.JmxMBeanServer@244aeb52')
Jul 7, 2015 9:44:48 PM org.apache.catalina.core.ApplicationContext log
INFO: SessionListener: contextDestroyed()
Jul 7, 2015 9:44:48 PM org.apache.catalina.core.ApplicationContext log
INFO: ContextListener: contextDestroyed()
